<?xml version="1.0" encoding="UTF-8"?>
<testng-results skipped="0" failed="2" total="18" passed="16">
  <reporter-output>
    <line>
      <![CDATA[TESTING admissionsMenu->Settings->Admissions->Admissions Period]]>
    </line>
    <line>
      <![CDATA[Explicitly waiting for 200 milliseconds]]>
    </line>
    <line>
      <![CDATA[RUNNING: CurricReadSmokeTest_roles_CurriculumReadTestSuite1]]>
    </line>
    <line>
      <![CDATA[u4sm login page present and displayed state is: true]]>
    </line>
    <line>
      <![CDATA[Explicitly waiting for 200 milliseconds]]>
    </line>
    <line>
      <![CDATA[Selected dropdown value en-GB]]>
    </line>
    <line>
      <![CDATA[Inserted, "AA_Curric_Read" into the username text field.]]>
    </line>
    <line>
      <![CDATA[Inserted, "Temp0" into the password text field.]]>
    </line>
    <line>
      <![CDATA[Clicked the Login button.]]>
    </line>
    <line>
      <![CDATA[Explicitly waiting for 500 milliseconds]]>
    </line>
    <line>
      <![CDATA[Explicitly waiting for 200 milliseconds]]>
    </line>
    <line>
      <![CDATA[Explicitly waiting for 200 milliseconds]]>
    </line>
    <line>
      <![CDATA[Assert Check: Verifying if managementGroupItem "Admissions Period" is Visible under "admissionsMenu->Settings->Admissions"]]>
    </line>
    <line>
      <![CDATA[Explicitly waiting for 200 milliseconds]]>
    </line>
    <line>
      <![CDATA[Assert Check PASSED: managementGroupItem "Admissions Period" is Visible]]>
    </line>
    <line>
      <![CDATA[clicking managementItem Admissions Periodunder admissionsMenu->Settings->Admissions]]>
    </line>
    <line>
      <![CDATA[Explicitly waiting for 200 milliseconds]]>
    </line>
    <line>
      <![CDATA[Explicitly waiting for 200 milliseconds]]>
    </line>
    <line>
      <![CDATA[Assert Check: Verifying if Search page is displayed]]>
    </line>
    <line>
      <![CDATA[Assert Check PASSED: Search page is displayed]]>
    </line>
    <line>
      <![CDATA[Clicking Simple search]]>
    </line>
    <line>
      <![CDATA[clicked search button on the academic period search page]]>
    </line>
    <line>
      <![CDATA[Getting the number of records from the search results]]>
    </line>
    <line>
      <![CDATA[Assert Check: Verifying if search returns some data]]>
    </line>
    <line>
      <![CDATA[Assert Check PASSED: Search results returned non zero rows. The row count is:51]]>
    </line>
    <line>
      <![CDATA[Clicking on the first record]]>
    </line>
    <line>
      <![CDATA[Explicitly waiting for 200 milliseconds]]>
    </line>
    <line>
      <![CDATA[2014 September]]>
    </line>
    <line>
      <![CDATA[waiting for details page to appear]]>
    </line>
    <line>
      <![CDATA[Explicitly waiting for 200 milliseconds]]>
    </line>
    <line>
      <![CDATA[Explicitly waiting for 200 milliseconds]]>
    </line>
    <line>
      <![CDATA[Assert Check: Verifying if the View button is visible in the details page]]>
    </line>
    <line>
      <![CDATA[Assert Check PASSED: The View button is visible in the details page]]>
    </line>
    <line>
      <![CDATA[Clicking the View button in the details page]]>
    </line>
    <line>
      <![CDATA[Assert Check: Verifying if the Edit dialog popup is visible]]>
    </line>
    <line>
      <![CDATA[Assert Check PASSED: Edit Dialog popup is visible in the Search Page]]>
    </line>
    <line>
      <![CDATA[Assert Check: Verifying if mandatory field "BusinessMeaningName" is disabled]]>
    </line>
    <line>
      <![CDATA[Assert Check PASSED: mandatory field "BusinessMeaningName" is disabled]]>
    </line>
    <line>
      <![CDATA[Data in mandatory field "BusinessMeaningName" is: AdmissionsPeriod.2014September]]>
    </line>
    <line>
      <![CDATA[Assert Check: Verifying if length of data in mandatory field "BusinessMeaningName" is > 0]]>
    </line>
    <line>
      <![CDATA[Assert Check PASSED: mandatory field "BusinessMeaningName" has some data]]>
    </line>
    <line>
      <![CDATA[Clicking the Done button in the edit dialog popUp]]>
    </line>
    <line>
      <![CDATA[Explicitly waiting for 200 milliseconds]]>
    </line>
    <line>
      <![CDATA[TEST PASSED admissionsMenu->Settings->Admissions->Admissions Period]]>
    </line>
    <line>
      <![CDATA[Explicitly waiting for 1000 milliseconds]]>
    </line>
    <line>
      <![CDATA[Explicitly waiting for 1000 milliseconds]]>
    </line>
    <line>
      <![CDATA[Explicitly waiting for 1000 milliseconds]]>
    </line>
    <line>
      <![CDATA[Explicitly waiting for 1000 milliseconds]]>
    </line>
    <line>
      <![CDATA[Explicitly waiting for 1000 milliseconds]]>
    </line>
    <line>
      <![CDATA[confirmation popup displayed]]>
    </line>
    <line>
      <![CDATA[clicked OK on Logout popup]]>
    </line>
    <line>
      <![CDATA[User logged out of u4sm sucessfully]]>
    </line>
    <line>
      <![CDATA[TESTING admissionsMenu->Settings->General->Period]]>
    </line>
    <line>
      <![CDATA[Explicitly waiting for 200 milliseconds]]>
    </line>
    <line>
      <![CDATA[RUNNING: CurricReadSmokeTest_roles_CurriculumReadTestSuite1]]>
    </line>
    <line>
      <![CDATA[u4sm login page present and displayed state is: true]]>
    </line>
    <line>
      <![CDATA[Explicitly waiting for 200 milliseconds]]>
    </line>
    <line>
      <![CDATA[Selected dropdown value en-GB]]>
    </line>
    <line>
      <![CDATA[Inserted, "AA_Curric_Read" into the username text field.]]>
    </line>
    <line>
      <![CDATA[Inserted, "Temp0" into the password text field.]]>
    </line>
    <line>
      <![CDATA[Clicked the Login button.]]>
    </line>
    <line>
      <![CDATA[Explicitly waiting for 500 milliseconds]]>
    </line>
    <line>
      <![CDATA[Explicitly waiting for 200 milliseconds]]>
    </line>
    <line>
      <![CDATA[Explicitly waiting for 200 milliseconds]]>
    </line>
    <line>
      <![CDATA[Assert Check: Verifying if managementGroupItem "Period" is Visible under "admissionsMenu->Settings->General"]]>
    </line>
    <line>
      <![CDATA[Explicitly waiting for 200 milliseconds]]>
    </line>
    <line>
      <![CDATA[Assert Check PASSED: managementGroupItem "Period" is Visible]]>
    </line>
    <line>
      <![CDATA[clicking managementItem Periodunder admissionsMenu->Settings->General]]>
    </line>
    <line>
      <![CDATA[Explicitly waiting for 200 milliseconds]]>
    </line>
    <line>
      <![CDATA[Explicitly waiting for 200 milliseconds]]>
    </line>
    <line>
      <![CDATA[Assert Check: Verifying if Search page is displayed]]>
    </line>
    <line>
      <![CDATA[Assert Check PASSED: Search page is displayed]]>
    </line>
    <line>
      <![CDATA[Clicking Simple search]]>
    </line>
    <line>
      <![CDATA[clicked search button on the academic period search page]]>
    </line>
    <line>
      <![CDATA[Getting the number of records from the search results]]>
    </line>
    <line>
      <![CDATA[Assert Check: Verifying if search returns some data]]>
    </line>
    <line>
      <![CDATA[Assert Check PASSED: Search results returned non zero rows. The row count is:51]]>
    </line>
    <line>
      <![CDATA[Clicking on the first record]]>
    </line>
    <line>
      <![CDATA[Explicitly waiting for 200 milliseconds]]>
    </line>
    <line>
      <![CDATA[2014 September]]>
    </line>
    <line>
      <![CDATA[waiting for details page to appear]]>
    </line>
    <line>
      <![CDATA[Explicitly waiting for 200 milliseconds]]>
    </line>
    <line>
      <![CDATA[Explicitly waiting for 200 milliseconds]]>
    </line>
    <line>
      <![CDATA[Assert Check: Verifying if the View button is visible in the details page]]>
    </line>
    <line>
      <![CDATA[Assert Check PASSED: The View button is visible in the details page]]>
    </line>
    <line>
      <![CDATA[Clicking the View button in the details page]]>
    </line>
    <line>
      <![CDATA[Assert Check: Verifying if the Edit dialog popup is visible]]>
    </line>
    <line>
      <![CDATA[Assert Check PASSED: Edit Dialog popup is visible in the Search Page]]>
    </line>
    <line>
      <![CDATA[Assert Check: Verifying if mandatory field "Description" is disabled]]>
    </line>
    <line>
      <![CDATA[Assert Check PASSED: mandatory field "Description" is disabled]]>
    </line>
    <line>
      <![CDATA[Data in mandatory field "Description" is: AUTOMATION_14/03/2018 16:56:36_1TIIG7]]>
    </line>
    <line>
      <![CDATA[Assert Check: Verifying if length of data in mandatory field "Description" is > 0]]>
    </line>
    <line>
      <![CDATA[Assert Check PASSED: mandatory field "Description" has some data]]>
    </line>
    <line>
      <![CDATA[Clicking the Done button in the edit dialog popUp]]>
    </line>
    <line>
      <![CDATA[Explicitly waiting for 200 milliseconds]]>
    </line>
    <line>
      <![CDATA[TEST PASSED admissionsMenu->Settings->General->Period]]>
    </line>
    <line>
      <![CDATA[Explicitly waiting for 1000 milliseconds]]>
    </line>
    <line>
      <![CDATA[Explicitly waiting for 1000 milliseconds]]>
    </line>
    <line>
      <![CDATA[Explicitly waiting for 1000 milliseconds]]>
    </line>
    <line>
      <![CDATA[Explicitly waiting for 1000 milliseconds]]>
    </line>
    <line>
      <![CDATA[Explicitly waiting for 1000 milliseconds]]>
    </line>
    <line>
      <![CDATA[confirmation popup displayed]]>
    </line>
    <line>
      <![CDATA[clicked OK on Logout popup]]>
    </line>
    <line>
      <![CDATA[User logged out of u4sm sucessfully]]>
    </line>
    <line>
      <![CDATA[TESTING admissionsMenu->Settings->Goals and Programmes->Admissions Program]]>
    </line>
    <line>
      <![CDATA[Explicitly waiting for 200 milliseconds]]>
    </line>
    <line>
      <![CDATA[RUNNING: CurricReadSmokeTest_roles_CurriculumReadTestSuite1]]>
    </line>
    <line>
      <![CDATA[u4sm login page present and displayed state is: true]]>
    </line>
    <line>
      <![CDATA[Explicitly waiting for 200 milliseconds]]>
    </line>
    <line>
      <![CDATA[Selected dropdown value en-GB]]>
    </line>
    <line>
      <![CDATA[Inserted, "AA_Curric_Read" into the username text field.]]>
    </line>
    <line>
      <![CDATA[Inserted, "Temp0" into the password text field.]]>
    </line>
    <line>
      <![CDATA[Clicked the Login button.]]>
    </line>
    <line>
      <![CDATA[Explicitly waiting for 500 milliseconds]]>
    </line>
    <line>
      <![CDATA[Explicitly waiting for 200 milliseconds]]>
    </line>
    <line>
      <![CDATA[Explicitly waiting for 200 milliseconds]]>
    </line>
    <line>
      <![CDATA[Assert Check: Verifying if managementGroupItem "Admissions Program" is Visible under "admissionsMenu->Settings->Goals and Programmes"]]>
    </line>
    <line>
      <![CDATA[Explicitly waiting for 200 milliseconds]]>
    </line>
    <line>
      <![CDATA[Assert Check PASSED: managementGroupItem "Admissions Program" is Visible]]>
    </line>
    <line>
      <![CDATA[clicking managementItem Admissions Programunder admissionsMenu->Settings->Goals and Programmes]]>
    </line>
    <line>
      <![CDATA[Explicitly waiting for 200 milliseconds]]>
    </line>
    <line>
      <![CDATA[Explicitly waiting for 200 milliseconds]]>
    </line>
    <line>
      <![CDATA[Assert Check: Verifying if Search page is displayed]]>
    </line>
    <line>
      <![CDATA[Assert Check PASSED: Search page is displayed]]>
    </line>
    <line>
      <![CDATA[Clicking Simple search]]>
    </line>
    <line>
      <![CDATA[clicked search button on the academic period search page]]>
    </line>
    <line>
      <![CDATA[Getting the number of records from the search results]]>
    </line>
    <line>
      <![CDATA[Assert Check: Verifying if search returns some data]]>
    </line>
    <line>
      <![CDATA[Assert Check PASSED: Search results returned non zero rows. The row count is:51]]>
    </line>
    <line>
      <![CDATA[Clicking on the first record]]>
    </line>
    <line>
      <![CDATA[Explicitly waiting for 200 milliseconds]]>
    </line>
    <line>
      <![CDATA[Academic Programm MMU_Test]]>
    </line>
    <line>
      <![CDATA[waiting for details page to appear]]>
    </line>
    <line>
      <![CDATA[Explicitly waiting for 200 milliseconds]]>
    </line>
    <line>
      <![CDATA[Explicitly waiting for 200 milliseconds]]>
    </line>
    <line>
      <![CDATA[Assert Check: Verifying if the View button is visible in the details page]]>
    </line>
    <line>
      <![CDATA[Assert Check PASSED: The View button is visible in the details page]]>
    </line>
    <line>
      <![CDATA[Clicking the View button in the details page]]>
    </line>
    <line>
      <![CDATA[Assert Check: Verifying if the Edit dialog popup is visible]]>
    </line>
    <line>
      <![CDATA[Assert Check PASSED: Edit Dialog popup is visible in the Search Page]]>
    </line>
    <line>
      <![CDATA[Assert Check: Verifying if mandatory field "Name" is disabled]]>
    </line>
    <line>
      <![CDATA[Assert Check PASSED: mandatory field "Name" is disabled]]>
    </line>
    <line>
      <![CDATA[Data in mandatory field "Name" is: Academic Programm MMU_Test]]>
    </line>
    <line>
      <![CDATA[Assert Check: Verifying if length of data in mandatory field "Name" is > 0]]>
    </line>
    <line>
      <![CDATA[Assert Check PASSED: mandatory field "Name" has some data]]>
    </line>
    <line>
      <![CDATA[Clicking the Done button in the edit dialog popUp]]>
    </line>
    <line>
      <![CDATA[Explicitly waiting for 200 milliseconds]]>
    </line>
    <line>
      <![CDATA[TEST PASSED admissionsMenu->Settings->Goals and Programmes->Admissions Program]]>
    </line>
    <line>
      <![CDATA[Explicitly waiting for 1000 milliseconds]]>
    </line>
    <line>
      <![CDATA[Explicitly waiting for 1000 milliseconds]]>
    </line>
    <line>
      <![CDATA[Explicitly waiting for 1000 milliseconds]]>
    </line>
    <line>
      <![CDATA[Explicitly waiting for 1000 milliseconds]]>
    </line>
    <line>
      <![CDATA[Explicitly waiting for 1000 milliseconds]]>
    </line>
    <line>
      <![CDATA[confirmation popup displayed]]>
    </line>
    <line>
      <![CDATA[clicked OK on Logout popup]]>
    </line>
    <line>
      <![CDATA[User logged out of u4sm sucessfully]]>
    </line>
    <line>
      <![CDATA[TESTING admissionsMenu->Settings->Goals and Programmes->Admissions Program Offering]]>
    </line>
    <line>
      <![CDATA[Explicitly waiting for 200 milliseconds]]>
    </line>
    <line>
      <![CDATA[RUNNING: CurricReadSmokeTest_roles_CurriculumReadTestSuite1]]>
    </line>
    <line>
      <![CDATA[u4sm login page present and displayed state is: true]]>
    </line>
    <line>
      <![CDATA[Explicitly waiting for 200 milliseconds]]>
    </line>
    <line>
      <![CDATA[Selected dropdown value en-GB]]>
    </line>
    <line>
      <![CDATA[Inserted, "AA_Curric_Read" into the username text field.]]>
    </line>
    <line>
      <![CDATA[Inserted, "Temp0" into the password text field.]]>
    </line>
    <line>
      <![CDATA[Clicked the Login button.]]>
    </line>
    <line>
      <![CDATA[Explicitly waiting for 500 milliseconds]]>
    </line>
    <line>
      <![CDATA[Explicitly waiting for 200 milliseconds]]>
    </line>
    <line>
      <![CDATA[Explicitly waiting for 200 milliseconds]]>
    </line>
    <line>
      <![CDATA[Assert Check: Verifying if managementGroupItem "Admissions Program Offering" is Visible under "admissionsMenu->Settings->Goals and Programmes"]]>
    </line>
    <line>
      <![CDATA[Explicitly waiting for 200 milliseconds]]>
    </line>
    <line>
      <![CDATA[Assert Check PASSED: managementGroupItem "Admissions Program Offering" is Visible]]>
    </line>
    <line>
      <![CDATA[clicking managementItem Admissions Program Offeringunder admissionsMenu->Settings->Goals and Programmes]]>
    </line>
    <line>
      <![CDATA[Explicitly waiting for 200 milliseconds]]>
    </line>
    <line>
      <![CDATA[Explicitly waiting for 200 milliseconds]]>
    </line>
    <line>
      <![CDATA[Assert Check: Verifying if Search page is displayed]]>
    </line>
    <line>
      <![CDATA[Assert Check PASSED: Search page is displayed]]>
    </line>
    <line>
      <![CDATA[Clicking Simple search]]>
    </line>
    <line>
      <![CDATA[clicked search button on the academic period search page]]>
    </line>
    <line>
      <![CDATA[Getting the number of records from the search results]]>
    </line>
    <line>
      <![CDATA[Assert Check: Verifying if search returns some data]]>
    </line>
    <line>
      <![CDATA[Assert Check PASSED: Search results returned non zero rows. The row count is:51]]>
    </line>
    <line>
      <![CDATA[Clicking on the first record]]>
    </line>
    <line>
      <![CDATA[Explicitly waiting for 200 milliseconds]]>
    </line>
    <line>
      <![CDATA[ACCA January Start _ AO01222JAN]]>
    </line>
    <line>
      <![CDATA[waiting for details page to appear]]>
    </line>
    <line>
      <![CDATA[Explicitly waiting for 200 milliseconds]]>
    </line>
    <line>
      <![CDATA[Explicitly waiting for 200 milliseconds]]>
    </line>
    <line>
      <![CDATA[Assert Check: Verifying if the View button is visible in the details page]]>
    </line>
    <line>
      <![CDATA[Assert Check PASSED: The View button is visible in the details page]]>
    </line>
    <line>
      <![CDATA[Clicking the View button in the details page]]>
    </line>
    <line>
      <![CDATA[Assert Check: Verifying if the Edit dialog popup is visible]]>
    </line>
    <line>
      <![CDATA[Assert Check PASSED: Edit Dialog popup is visible in the Search Page]]>
    </line>
    <line>
      <![CDATA[Assert Check: Verifying if mandatory field "Name" is disabled]]>
    </line>
    <line>
      <![CDATA[Assert Check PASSED: mandatory field "Name" is disabled]]>
    </line>
    <line>
      <![CDATA[Data in mandatory field "Name" is: ACCA January Start _ AO01222JAN]]>
    </line>
    <line>
      <![CDATA[Assert Check: Verifying if length of data in mandatory field "Name" is > 0]]>
    </line>
    <line>
      <![CDATA[Assert Check PASSED: mandatory field "Name" has some data]]>
    </line>
    <line>
      <![CDATA[Clicking the Done button in the edit dialog popUp]]>
    </line>
    <line>
      <![CDATA[Explicitly waiting for 200 milliseconds]]>
    </line>
    <line>
      <![CDATA[TEST PASSED admissionsMenu->Settings->Goals and Programmes->Admissions Program Offering]]>
    </line>
    <line>
      <![CDATA[Explicitly waiting for 1000 milliseconds]]>
    </line>
    <line>
      <![CDATA[Explicitly waiting for 1000 milliseconds]]>
    </line>
    <line>
      <![CDATA[Explicitly waiting for 1000 milliseconds]]>
    </line>
    <line>
      <![CDATA[Explicitly waiting for 1000 milliseconds]]>
    </line>
    <line>
      <![CDATA[Explicitly waiting for 1000 milliseconds]]>
    </line>
    <line>
      <![CDATA[confirmation popup displayed]]>
    </line>
    <line>
      <![CDATA[clicked OK on Logout popup]]>
    </line>
    <line>
      <![CDATA[User logged out of u4sm sucessfully]]>
    </line>
    <line>
      <![CDATA[TESTING admissionsMenu->Settings->Goals and Programmes->Programme Offering Item]]>
    </line>
    <line>
      <![CDATA[Explicitly waiting for 200 milliseconds]]>
    </line>
    <line>
      <![CDATA[RUNNING: CurricReadSmokeTest_roles_CurriculumReadTestSuite1]]>
    </line>
    <line>
      <![CDATA[u4sm login page present and displayed state is: true]]>
    </line>
    <line>
      <![CDATA[Explicitly waiting for 200 milliseconds]]>
    </line>
    <line>
      <![CDATA[Selected dropdown value en-GB]]>
    </line>
    <line>
      <![CDATA[Inserted, "AA_Curric_Read" into the username text field.]]>
    </line>
    <line>
      <![CDATA[Inserted, "Temp0" into the password text field.]]>
    </line>
    <line>
      <![CDATA[Clicked the Login button.]]>
    </line>
    <line>
      <![CDATA[Explicitly waiting for 500 milliseconds]]>
    </line>
    <line>
      <![CDATA[Explicitly waiting for 200 milliseconds]]>
    </line>
    <line>
      <![CDATA[Explicitly waiting for 200 milliseconds]]>
    </line>
    <line>
      <![CDATA[Assert Check: Verifying if managementGroupItem "Programme Offering Item" is Visible under "admissionsMenu->Settings->Goals and Programmes"]]>
    </line>
    <line>
      <![CDATA[Explicitly waiting for 200 milliseconds]]>
    </line>
    <line>
      <![CDATA[Assert Check PASSED: managementGroupItem "Programme Offering Item" is Visible]]>
    </line>
    <line>
      <![CDATA[clicking managementItem Programme Offering Itemunder admissionsMenu->Settings->Goals and Programmes]]>
    </line>
    <line>
      <![CDATA[Explicitly waiting for 200 milliseconds]]>
    </line>
    <line>
      <![CDATA[Explicitly waiting for 200 milliseconds]]>
    </line>
    <line>
      <![CDATA[Assert Check: Verifying if Search page is displayed]]>
    </line>
    <line>
      <![CDATA[Assert Check PASSED: Search page is displayed]]>
    </line>
    <line>
      <![CDATA[Clicking Simple search]]>
    </line>
    <line>
      <![CDATA[clicked search button on the academic period search page]]>
    </line>
    <line>
      <![CDATA[Getting the number of records from the search results]]>
    </line>
    <line>
      <![CDATA[Assert Check: Verifying if search returns some data]]>
    </line>
    <line>
      <![CDATA[Assert Check PASSED: Search results returned non zero rows. The row count is:51]]>
    </line>
    <line>
      <![CDATA[Clicking on the first record]]>
    </line>
    <line>
      <![CDATA[Explicitly waiting for 200 milliseconds]]>
    </line>
    <line>
      <![CDATA[ACCA 4 years PT _ AI05325]]>
    </line>
    <line>
      <![CDATA[waiting for details page to appear]]>
    </line>
    <line>
      <![CDATA[Explicitly waiting for 200 milliseconds]]>
    </line>
    <line>
      <![CDATA[Explicitly waiting for 200 milliseconds]]>
    </line>
    <line>
      <![CDATA[Assert Check: Verifying if the View button is visible in the details page]]>
    </line>
    <line>
      <![CDATA[Assert Check PASSED: The View button is visible in the details page]]>
    </line>
    <line>
      <![CDATA[Clicking the View button in the details page]]>
    </line>
    <line>
      <![CDATA[Assert Check: Verifying if the Edit dialog popup is visible]]>
    </line>
    <line>
      <![CDATA[Assert Check PASSED: Edit Dialog popup is visible in the Search Page]]>
    </line>
    <line>
      <![CDATA[Assert Check: Verifying if mandatory field "AcademicProgram" is disabled]]>
    </line>
    <line>
      <![CDATA[Assert Check PASSED: mandatory field "AcademicProgram" is disabled]]>
    </line>
    <line>
      <![CDATA[Explicitly waiting for 200 milliseconds]]>
    </line>
    <line>
      <![CDATA[Data in mandatory field "AcademicProgram" is: AC01222 _ ACCA]]>
    </line>
    <line>
      <![CDATA[Assert Check: Verifying if length of data in mandatory field "AcademicProgram" is > 0]]>
    </line>
    <line>
      <![CDATA[Assert Check PASSED: mandatory field "AcademicProgram" has some data]]>
    </line>
    <line>
      <![CDATA[Clicking the Done button in the edit dialog popUp]]>
    </line>
    <line>
      <![CDATA[Explicitly waiting for 200 milliseconds]]>
    </line>
    <line>
      <![CDATA[TEST PASSED admissionsMenu->Settings->Goals and Programmes->Programme Offering Item]]>
    </line>
    <line>
      <![CDATA[Explicitly waiting for 1000 milliseconds]]>
    </line>
    <line>
      <![CDATA[Explicitly waiting for 1000 milliseconds]]>
    </line>
    <line>
      <![CDATA[Explicitly waiting for 1000 milliseconds]]>
    </line>
    <line>
      <![CDATA[Explicitly waiting for 1000 milliseconds]]>
    </line>
    <line>
      <![CDATA[Explicitly waiting for 1000 milliseconds]]>
    </line>
    <line>
      <![CDATA[confirmation popup displayed]]>
    </line>
    <line>
      <![CDATA[clicked OK on Logout popup]]>
    </line>
    <line>
      <![CDATA[User logged out of u4sm sucessfully]]>
    </line>
    <line>
      <![CDATA[TESTING academicMenu->Options->Course Management->Course Equivalence]]>
    </line>
    <line>
      <![CDATA[Explicitly waiting for 200 milliseconds]]>
    </line>
    <line>
      <![CDATA[RUNNING: CurricReadSmokeTest_roles_CurriculumReadTestSuite1]]>
    </line>
    <line>
      <![CDATA[u4sm login page present and displayed state is: true]]>
    </line>
    <line>
      <![CDATA[Explicitly waiting for 200 milliseconds]]>
    </line>
    <line>
      <![CDATA[Selected dropdown value en-GB]]>
    </line>
    <line>
      <![CDATA[Inserted, "AA_Curric_Read" into the username text field.]]>
    </line>
    <line>
      <![CDATA[Inserted, "Temp0" into the password text field.]]>
    </line>
    <line>
      <![CDATA[Clicked the Login button.]]>
    </line>
    <line>
      <![CDATA[Explicitly waiting for 500 milliseconds]]>
    </line>
    <line>
      <![CDATA[Explicitly waiting for 200 milliseconds]]>
    </line>
    <line>
      <![CDATA[Explicitly waiting for 200 milliseconds]]>
    </line>
    <line>
      <![CDATA[Assert Check: Verifying if managementGroupItem "Course Equivalence" is Visible under "academicMenu->Options->Course Management"]]>
    </line>
    <line>
      <![CDATA[Explicitly waiting for 200 milliseconds]]>
    </line>
    <line>
      <![CDATA[Assert Check PASSED: managementGroupItem "Course Equivalence" is Visible]]>
    </line>
    <line>
      <![CDATA[clicking managementItem Course Equivalenceunder academicMenu->Options->Course Management]]>
    </line>
    <line>
      <![CDATA[Explicitly waiting for 200 milliseconds]]>
    </line>
    <line>
      <![CDATA[Explicitly waiting for 200 milliseconds]]>
    </line>
    <line>
      <![CDATA[Assert Check: Verifying if Search page is displayed]]>
    </line>
    <line>
      <![CDATA[Assert Check PASSED: Search page is displayed]]>
    </line>
    <line>
      <![CDATA[Clicking Simple search]]>
    </line>
    <line>
      <![CDATA[clicked search button on the academic period search page]]>
    </line>
    <line>
      <![CDATA[Getting the number of records from the search results]]>
    </line>
    <line>
      <![CDATA[FAIL: Issue with Searching. Maybe an Accplication error. See Assertion logs]]>
    </line>
    <line>
      <![CDATA[Explicitly waiting for 1000 milliseconds]]>
    </line>
    <line>
      <![CDATA[Explicitly waiting for 1000 milliseconds]]>
    </line>
    <line>
      <![CDATA[Explicitly waiting for 1000 milliseconds]]>
    </line>
    <line>
      <![CDATA[Explicitly waiting for 1000 milliseconds]]>
    </line>
    <line>
      <![CDATA[Explicitly waiting for 1000 milliseconds]]>
    </line>
    <line>
      <![CDATA[confirmation popup displayed]]>
    </line>
    <line>
      <![CDATA[clicked OK on Logout popup]]>
    </line>
    <line>
      <![CDATA[User logged out of u4sm sucessfully]]>
    </line>
    <line>
      <![CDATA[TESTING academicMenu->Options->Course Management->Course Master]]>
    </line>
    <line>
      <![CDATA[Explicitly waiting for 200 milliseconds]]>
    </line>
    <line>
      <![CDATA[RUNNING: CurricReadSmokeTest_roles_CurriculumReadTestSuite1]]>
    </line>
    <line>
      <![CDATA[u4sm login page present and displayed state is: true]]>
    </line>
    <line>
      <![CDATA[Explicitly waiting for 200 milliseconds]]>
    </line>
    <line>
      <![CDATA[Selected dropdown value en-GB]]>
    </line>
    <line>
      <![CDATA[Inserted, "AA_Curric_Read" into the username text field.]]>
    </line>
    <line>
      <![CDATA[Inserted, "Temp0" into the password text field.]]>
    </line>
    <line>
      <![CDATA[Clicked the Login button.]]>
    </line>
    <line>
      <![CDATA[Explicitly waiting for 500 milliseconds]]>
    </line>
    <line>
      <![CDATA[Explicitly waiting for 200 milliseconds]]>
    </line>
    <line>
      <![CDATA[Explicitly waiting for 200 milliseconds]]>
    </line>
    <line>
      <![CDATA[Assert Check: Verifying if managementGroupItem "Course Master" is Visible under "academicMenu->Options->Course Management"]]>
    </line>
    <line>
      <![CDATA[Explicitly waiting for 200 milliseconds]]>
    </line>
    <line>
      <![CDATA[Assert Check PASSED: managementGroupItem "Course Master" is Visible]]>
    </line>
    <line>
      <![CDATA[clicking managementItem Course Masterunder academicMenu->Options->Course Management]]>
    </line>
    <line>
      <![CDATA[Explicitly waiting for 200 milliseconds]]>
    </line>
    <line>
      <![CDATA[Explicitly waiting for 200 milliseconds]]>
    </line>
    <line>
      <![CDATA[Assert Check: Verifying if Search page is displayed]]>
    </line>
    <line>
      <![CDATA[Assert Check PASSED: Search page is displayed]]>
    </line>
    <line>
      <![CDATA[Clicking Simple search]]>
    </line>
    <line>
      <![CDATA[clicked search button on the academic period search page]]>
    </line>
    <line>
      <![CDATA[Getting the number of records from the search results]]>
    </line>
    <line>
      <![CDATA[Assert Check: Verifying if search returns some data]]>
    </line>
    <line>
      <![CDATA[Assert Check PASSED: Search results returned non zero rows. The row count is:51]]>
    </line>
    <line>
      <![CDATA[Clicking on the first record]]>
    </line>
    <line>
      <![CDATA[Explicitly waiting for 200 milliseconds]]>
    </line>
    <line>
      <![CDATA[1D1234ACTIVE]]>
    </line>
    <line>
      <![CDATA[waiting for details page to appear]]>
    </line>
    <line>
      <![CDATA[Explicitly waiting for 200 milliseconds]]>
    </line>
    <line>
      <![CDATA[Explicitly waiting for 200 milliseconds]]>
    </line>
    <line>
      <![CDATA[Assert Check: Verifying if the View button is visible in the details page]]>
    </line>
    <line>
      <![CDATA[Assert Check PASSED: The View button is visible in the details page]]>
    </line>
    <line>
      <![CDATA[Clicking the View button in the details page]]>
    </line>
    <line>
      <![CDATA[Assert Check: Verifying if the Edit dialog popup is visible]]>
    </line>
    <line>
      <![CDATA[Assert Check PASSED: Edit Dialog popup is visible in the Search Page]]>
    </line>
    <line>
      <![CDATA[Assert Check: Verifying if mandatory field "CourseNumber" is disabled]]>
    </line>
    <line>
      <![CDATA[Assert Check PASSED: mandatory field "CourseNumber" is disabled]]>
    </line>
    <line>
      <![CDATA[Data in mandatory field "CourseNumber" is: 1234]]>
    </line>
    <line>
      <![CDATA[Assert Check: Verifying if length of data in mandatory field "CourseNumber" is > 0]]>
    </line>
    <line>
      <![CDATA[Assert Check PASSED: mandatory field "CourseNumber" has some data]]>
    </line>
    <line>
      <![CDATA[Clicking the Done button in the edit dialog popUp]]>
    </line>
    <line>
      <![CDATA[Explicitly waiting for 200 milliseconds]]>
    </line>
    <line>
      <![CDATA[TEST PASSED academicMenu->Options->Course Management->Course Master]]>
    </line>
    <line>
      <![CDATA[Explicitly waiting for 1000 milliseconds]]>
    </line>
    <line>
      <![CDATA[Explicitly waiting for 1000 milliseconds]]>
    </line>
    <line>
      <![CDATA[Explicitly waiting for 1000 milliseconds]]>
    </line>
    <line>
      <![CDATA[Explicitly waiting for 1000 milliseconds]]>
    </line>
    <line>
      <![CDATA[Explicitly waiting for 1000 milliseconds]]>
    </line>
    <line>
      <![CDATA[confirmation popup displayed]]>
    </line>
    <line>
      <![CDATA[clicked OK on Logout popup]]>
    </line>
    <line>
      <![CDATA[User logged out of u4sm sucessfully]]>
    </line>
    <line>
      <![CDATA[TESTING academicMenu->Options->Setup Management->Programme Block Series]]>
    </line>
    <line>
      <![CDATA[Explicitly waiting for 200 milliseconds]]>
    </line>
    <line>
      <![CDATA[RUNNING: CurricReadSmokeTest_roles_CurriculumReadTestSuite1]]>
    </line>
    <line>
      <![CDATA[u4sm login page present and displayed state is: true]]>
    </line>
    <line>
      <![CDATA[Explicitly waiting for 200 milliseconds]]>
    </line>
    <line>
      <![CDATA[Selected dropdown value en-GB]]>
    </line>
    <line>
      <![CDATA[Inserted, "AA_Curric_Read" into the username text field.]]>
    </line>
    <line>
      <![CDATA[Inserted, "Temp0" into the password text field.]]>
    </line>
    <line>
      <![CDATA[Clicked the Login button.]]>
    </line>
    <line>
      <![CDATA[Explicitly waiting for 500 milliseconds]]>
    </line>
    <line>
      <![CDATA[Explicitly waiting for 200 milliseconds]]>
    </line>
    <line>
      <![CDATA[Explicitly waiting for 200 milliseconds]]>
    </line>
    <line>
      <![CDATA[Assert Check: Verifying if managementGroupItem "Programme Block Series" is Visible under "academicMenu->Options->Setup Management"]]>
    </line>
    <line>
      <![CDATA[Explicitly waiting for 200 milliseconds]]>
    </line>
    <line>
      <![CDATA[Assert Check PASSED: managementGroupItem "Programme Block Series" is Visible]]>
    </line>
    <line>
      <![CDATA[clicking managementItem Programme Block Seriesunder academicMenu->Options->Setup Management]]>
    </line>
    <line>
      <![CDATA[Explicitly waiting for 200 milliseconds]]>
    </line>
    <line>
      <![CDATA[Explicitly waiting for 200 milliseconds]]>
    </line>
    <line>
      <![CDATA[Assert Check: Verifying if Search page is displayed]]>
    </line>
    <line>
      <![CDATA[Assert Check PASSED: Search page is displayed]]>
    </line>
    <line>
      <![CDATA[Clicking Simple search]]>
    </line>
    <line>
      <![CDATA[clicked search button on the academic period search page]]>
    </line>
    <line>
      <![CDATA[Getting the number of records from the search results]]>
    </line>
    <line>
      <![CDATA[Assert Check: Verifying if search returns some data]]>
    </line>
    <line>
      <![CDATA[Assert Check PASSED: Search results returned non zero rows. The row count is:51]]>
    </line>
    <line>
      <![CDATA[Clicking on the first record]]>
    </line>
    <line>
      <![CDATA[Explicitly waiting for 200 milliseconds]]>
    </line>
    <line>
      <![CDATA[PB01101 _ MA Design 1 year FT]]>
    </line>
    <line>
      <![CDATA[waiting for details page to appear]]>
    </line>
    <line>
      <![CDATA[Explicitly waiting for 200 milliseconds]]>
    </line>
    <line>
      <![CDATA[Explicitly waiting for 200 milliseconds]]>
    </line>
    <line>
      <![CDATA[Assert Check: Verifying if the View button is visible in the details page]]>
    </line>
    <line>
      <![CDATA[Assert Check PASSED: The View button is visible in the details page]]>
    </line>
    <line>
      <![CDATA[Clicking the View button in the details page]]>
    </line>
    <line>
      <![CDATA[Assert Check: Verifying if the Edit dialog popup is visible]]>
    </line>
    <line>
      <![CDATA[Assert Check PASSED: Edit Dialog popup is visible in the Search Page]]>
    </line>
    <line>
      <![CDATA[Assert Check: Verifying if mandatory field "Name" is disabled]]>
    </line>
    <line>
      <![CDATA[Assert Check PASSED: mandatory field "Name" is disabled]]>
    </line>
    <line>
      <![CDATA[Data in mandatory field "Name" is: PB01101 _ MA Design 1 year FT]]>
    </line>
    <line>
      <![CDATA[Assert Check: Verifying if length of data in mandatory field "Name" is > 0]]>
    </line>
    <line>
      <![CDATA[Assert Check PASSED: mandatory field "Name" has some data]]>
    </line>
    <line>
      <![CDATA[Clicking the Done button in the edit dialog popUp]]>
    </line>
    <line>
      <![CDATA[Explicitly waiting for 200 milliseconds]]>
    </line>
    <line>
      <![CDATA[TEST PASSED academicMenu->Options->Setup Management->Programme Block Series]]>
    </line>
    <line>
      <![CDATA[Explicitly waiting for 1000 milliseconds]]>
    </line>
    <line>
      <![CDATA[Explicitly waiting for 1000 milliseconds]]>
    </line>
    <line>
      <![CDATA[Explicitly waiting for 1000 milliseconds]]>
    </line>
    <line>
      <![CDATA[Explicitly waiting for 1000 milliseconds]]>
    </line>
    <line>
      <![CDATA[Explicitly waiting for 1000 milliseconds]]>
    </line>
    <line>
      <![CDATA[confirmation popup displayed]]>
    </line>
    <line>
      <![CDATA[clicked OK on Logout popup]]>
    </line>
    <line>
      <![CDATA[User logged out of u4sm sucessfully]]>
    </line>
    <line>
      <![CDATA[TESTING academicMenu->Options->Setup Management->Degree Audit Setup]]>
    </line>
    <line>
      <![CDATA[Explicitly waiting for 200 milliseconds]]>
    </line>
    <line>
      <![CDATA[RUNNING: CurricReadSmokeTest_roles_CurriculumReadTestSuite1]]>
    </line>
    <line>
      <![CDATA[u4sm login page present and displayed state is: true]]>
    </line>
    <line>
      <![CDATA[Explicitly waiting for 200 milliseconds]]>
    </line>
    <line>
      <![CDATA[Selected dropdown value en-GB]]>
    </line>
    <line>
      <![CDATA[Inserted, "AA_Curric_Read" into the username text field.]]>
    </line>
    <line>
      <![CDATA[Inserted, "Temp0" into the password text field.]]>
    </line>
    <line>
      <![CDATA[Clicked the Login button.]]>
    </line>
    <line>
      <![CDATA[Explicitly waiting for 500 milliseconds]]>
    </line>
    <line>
      <![CDATA[Explicitly waiting for 200 milliseconds]]>
    </line>
    <line>
      <![CDATA[Explicitly waiting for 200 milliseconds]]>
    </line>
    <line>
      <![CDATA[Assert Check: Verifying if managementGroupItem "Degree Audit Setup" is Visible under "academicMenu->Options->Setup Management"]]>
    </line>
    <line>
      <![CDATA[Explicitly waiting for 200 milliseconds]]>
    </line>
    <line>
      <![CDATA[Assert Check PASSED: managementGroupItem "Degree Audit Setup" is Visible]]>
    </line>
    <line>
      <![CDATA[clicking managementItem Degree Audit Setupunder academicMenu->Options->Setup Management]]>
    </line>
    <line>
      <![CDATA[Explicitly waiting for 200 milliseconds]]>
    </line>
    <line>
      <![CDATA[Explicitly waiting for 200 milliseconds]]>
    </line>
    <line>
      <![CDATA[Assert Check: Verifying if Search page is displayed]]>
    </line>
    <line>
      <![CDATA[Assert Check PASSED: Search page is displayed]]>
    </line>
    <line>
      <![CDATA[Clicking Simple search]]>
    </line>
    <line>
      <![CDATA[clicked search button on the academic period search page]]>
    </line>
    <line>
      <![CDATA[Getting the number of records from the search results]]>
    </line>
    <line>
      <![CDATA[FAIL: Issue with Searching. Maybe an Accplication error. See Assertion logs]]>
    </line>
    <line>
      <![CDATA[Explicitly waiting for 1000 milliseconds]]>
    </line>
    <line>
      <![CDATA[Explicitly waiting for 1000 milliseconds]]>
    </line>
    <line>
      <![CDATA[Explicitly waiting for 1000 milliseconds]]>
    </line>
    <line>
      <![CDATA[Explicitly waiting for 1000 milliseconds]]>
    </line>
    <line>
      <![CDATA[Explicitly waiting for 1000 milliseconds]]>
    </line>
    <line>
      <![CDATA[confirmation popup displayed]]>
    </line>
    <line>
      <![CDATA[clicked OK on Logout popup]]>
    </line>
    <line>
      <![CDATA[User logged out of u4sm sucessfully]]>
    </line>
    <line>
      <![CDATA[TESTING academicMenu->Options->Setup Management->Block Registration Setup]]>
    </line>
    <line>
      <![CDATA[Explicitly waiting for 200 milliseconds]]>
    </line>
    <line>
      <![CDATA[RUNNING: CurricReadSmokeTest_roles_CurriculumReadTestSuite1]]>
    </line>
    <line>
      <![CDATA[u4sm login page present and displayed state is: true]]>
    </line>
    <line>
      <![CDATA[Explicitly waiting for 200 milliseconds]]>
    </line>
    <line>
      <![CDATA[Selected dropdown value en-GB]]>
    </line>
    <line>
      <![CDATA[Inserted, "AA_Curric_Read" into the username text field.]]>
    </line>
    <line>
      <![CDATA[Inserted, "Temp0" into the password text field.]]>
    </line>
    <line>
      <![CDATA[Clicked the Login button.]]>
    </line>
    <line>
      <![CDATA[Explicitly waiting for 500 milliseconds]]>
    </line>
    <line>
      <![CDATA[Explicitly waiting for 200 milliseconds]]>
    </line>
    <line>
      <![CDATA[Explicitly waiting for 200 milliseconds]]>
    </line>
    <line>
      <![CDATA[Assert Check: Verifying if managementGroupItem "Block Registration Setup" is Visible under "academicMenu->Options->Setup Management"]]>
    </line>
    <line>
      <![CDATA[Explicitly waiting for 200 milliseconds]]>
    </line>
    <line>
      <![CDATA[Assert Check PASSED: managementGroupItem "Block Registration Setup" is Visible]]>
    </line>
    <line>
      <![CDATA[clicking managementItem Block Registration Setupunder academicMenu->Options->Setup Management]]>
    </line>
    <line>
      <![CDATA[Explicitly waiting for 200 milliseconds]]>
    </line>
    <line>
      <![CDATA[Explicitly waiting for 200 milliseconds]]>
    </line>
    <line>
      <![CDATA[Assert Check: Verifying if Search page is displayed]]>
    </line>
    <line>
      <![CDATA[Assert Check PASSED: Search page is displayed]]>
    </line>
    <line>
      <![CDATA[Clicking Simple search]]>
    </line>
    <line>
      <![CDATA[clicked search button on the academic period search page]]>
    </line>
    <line>
      <![CDATA[Getting the number of records from the search results]]>
    </line>
    <line>
      <![CDATA[Assert Check: Verifying if search returns some data]]>
    </line>
    <line>
      <![CDATA[Assert Check PASSED: Search results returned non zero rows. The row count is:51]]>
    </line>
    <line>
      <![CDATA[Clicking on the first record]]>
    </line>
    <line>
      <![CDATA[Explicitly waiting for 200 milliseconds]]>
    </line>
    <line>
      <![CDATA[Prescribed]]>
    </line>
    <line>
      <![CDATA[waiting for details page to appear]]>
    </line>
    <line>
      <![CDATA[Explicitly waiting for 200 milliseconds]]>
    </line>
    <line>
      <![CDATA[Explicitly waiting for 200 milliseconds]]>
    </line>
    <line>
      <![CDATA[Assert Check: Verifying if the View button is visible in the details page]]>
    </line>
    <line>
      <![CDATA[Assert Check PASSED: The View button is visible in the details page]]>
    </line>
    <line>
      <![CDATA[Clicking the View button in the details page]]>
    </line>
    <line>
      <![CDATA[Assert Check: Verifying if the Edit dialog popup is visible]]>
    </line>
    <line>
      <![CDATA[Assert Check PASSED: Edit Dialog popup is visible in the Search Page]]>
    </line>
    <line>
      <![CDATA[Assert Check: Verifying if mandatory field "BlockType" is disabled]]>
    </line>
    <line>
      <![CDATA[Assert Check PASSED: mandatory field "BlockType" is disabled]]>
    </line>
    <line>
      <![CDATA[Explicitly waiting for 200 milliseconds]]>
    </line>
    <line>
      <![CDATA[Data in mandatory field "BlockType" is: Prescribed]]>
    </line>
    <line>
      <![CDATA[Assert Check: Verifying if length of data in mandatory field "BlockType" is > 0]]>
    </line>
    <line>
      <![CDATA[Assert Check PASSED: mandatory field "BlockType" has some data]]>
    </line>
    <line>
      <![CDATA[Clicking the Done button in the edit dialog popUp]]>
    </line>
    <line>
      <![CDATA[Explicitly waiting for 200 milliseconds]]>
    </line>
    <line>
      <![CDATA[TEST PASSED academicMenu->Options->Setup Management->Block Registration Setup]]>
    </line>
    <line>
      <![CDATA[Explicitly waiting for 1000 milliseconds]]>
    </line>
    <line>
      <![CDATA[Explicitly waiting for 1000 milliseconds]]>
    </line>
    <line>
      <![CDATA[Explicitly waiting for 1000 milliseconds]]>
    </line>
    <line>
      <![CDATA[Explicitly waiting for 1000 milliseconds]]>
    </line>
    <line>
      <![CDATA[Explicitly waiting for 1000 milliseconds]]>
    </line>
    <line>
      <![CDATA[confirmation popup displayed]]>
    </line>
    <line>
      <![CDATA[clicked OK on Logout popup]]>
    </line>
    <line>
      <![CDATA[User logged out of u4sm sucessfully]]>
    </line>
    <line>
      <![CDATA[TESTING academicMenu->Settings->Goals and Programmes->Academic Programme]]>
    </line>
    <line>
      <![CDATA[Explicitly waiting for 200 milliseconds]]>
    </line>
    <line>
      <![CDATA[RUNNING: CurricReadSmokeTest_roles_CurriculumReadTestSuite1]]>
    </line>
    <line>
      <![CDATA[u4sm login page present and displayed state is: true]]>
    </line>
    <line>
      <![CDATA[Explicitly waiting for 200 milliseconds]]>
    </line>
    <line>
      <![CDATA[Selected dropdown value en-GB]]>
    </line>
    <line>
      <![CDATA[Inserted, "AA_Curric_Read" into the username text field.]]>
    </line>
    <line>
      <![CDATA[Inserted, "Temp0" into the password text field.]]>
    </line>
    <line>
      <![CDATA[Clicked the Login button.]]>
    </line>
    <line>
      <![CDATA[Explicitly waiting for 500 milliseconds]]>
    </line>
    <line>
      <![CDATA[Explicitly waiting for 200 milliseconds]]>
    </line>
    <line>
      <![CDATA[Explicitly waiting for 200 milliseconds]]>
    </line>
    <line>
      <![CDATA[Assert Check: Verifying if managementGroupItem "Academic Programme" is Visible under "academicMenu->Settings->Goals and Programmes"]]>
    </line>
    <line>
      <![CDATA[Explicitly waiting for 200 milliseconds]]>
    </line>
    <line>
      <![CDATA[Assert Check PASSED: managementGroupItem "Academic Programme" is Visible]]>
    </line>
    <line>
      <![CDATA[clicking managementItem Academic Programmeunder academicMenu->Settings->Goals and Programmes]]>
    </line>
    <line>
      <![CDATA[Explicitly waiting for 200 milliseconds]]>
    </line>
    <line>
      <![CDATA[Explicitly waiting for 200 milliseconds]]>
    </line>
    <line>
      <![CDATA[Assert Check: Verifying if Search page is displayed]]>
    </line>
    <line>
      <![CDATA[Assert Check PASSED: Search page is displayed]]>
    </line>
    <line>
      <![CDATA[Clicking Simple search]]>
    </line>
    <line>
      <![CDATA[clicked search button on the academic period search page]]>
    </line>
    <line>
      <![CDATA[Getting the number of records from the search results]]>
    </line>
    <line>
      <![CDATA[Assert Check: Verifying if search returns some data]]>
    </line>
    <line>
      <![CDATA[Assert Check PASSED: Search results returned non zero rows. The row count is:51]]>
    </line>
    <line>
      <![CDATA[Clicking on the first record]]>
    </line>
    <line>
      <![CDATA[Explicitly waiting for 200 milliseconds]]>
    </line>
    <line>
      <![CDATA[AC00007 _ Visiting Research Students (Cheshire)]]>
    </line>
    <line>
      <![CDATA[waiting for details page to appear]]>
    </line>
    <line>
      <![CDATA[Explicitly waiting for 200 milliseconds]]>
    </line>
    <line>
      <![CDATA[Explicitly waiting for 200 milliseconds]]>
    </line>
    <line>
      <![CDATA[Assert Check: Verifying if the View button is visible in the details page]]>
    </line>
    <line>
      <![CDATA[Assert Check PASSED: The View button is visible in the details page]]>
    </line>
    <line>
      <![CDATA[Clicking the View button in the details page]]>
    </line>
    <line>
      <![CDATA[Assert Check: Verifying if the Edit dialog popup is visible]]>
    </line>
    <line>
      <![CDATA[Assert Check PASSED: Edit Dialog popup is visible in the Search Page]]>
    </line>
    <line>
      <![CDATA[Assert Check: Verifying if mandatory field "Name" is disabled]]>
    </line>
    <line>
      <![CDATA[Assert Check PASSED: mandatory field "Name" is disabled]]>
    </line>
    <line>
      <![CDATA[Data in mandatory field "Name" is: AC00007 _ Visiting Research Students (Cheshire)]]>
    </line>
    <line>
      <![CDATA[Assert Check: Verifying if length of data in mandatory field "Name" is > 0]]>
    </line>
    <line>
      <![CDATA[Assert Check PASSED: mandatory field "Name" has some data]]>
    </line>
    <line>
      <![CDATA[Clicking the Done button in the edit dialog popUp]]>
    </line>
    <line>
      <![CDATA[Explicitly waiting for 200 milliseconds]]>
    </line>
    <line>
      <![CDATA[TEST PASSED academicMenu->Settings->Goals and Programmes->Academic Programme]]>
    </line>
    <line>
      <![CDATA[Explicitly waiting for 1000 milliseconds]]>
    </line>
    <line>
      <![CDATA[Explicitly waiting for 1000 milliseconds]]>
    </line>
    <line>
      <![CDATA[Explicitly waiting for 1000 milliseconds]]>
    </line>
    <line>
      <![CDATA[Explicitly waiting for 1000 milliseconds]]>
    </line>
    <line>
      <![CDATA[Explicitly waiting for 1000 milliseconds]]>
    </line>
    <line>
      <![CDATA[confirmation popup displayed]]>
    </line>
    <line>
      <![CDATA[clicked OK on Logout popup]]>
    </line>
    <line>
      <![CDATA[User logged out of u4sm sucessfully]]>
    </line>
    <line>
      <![CDATA[TESTING academicMenu->Settings->Goals and Programmes->Programme Master]]>
    </line>
    <line>
      <![CDATA[Explicitly waiting for 200 milliseconds]]>
    </line>
    <line>
      <![CDATA[RUNNING: CurricReadSmokeTest_roles_CurriculumReadTestSuite1]]>
    </line>
    <line>
      <![CDATA[u4sm login page present and displayed state is: true]]>
    </line>
    <line>
      <![CDATA[Explicitly waiting for 200 milliseconds]]>
    </line>
    <line>
      <![CDATA[Selected dropdown value en-GB]]>
    </line>
    <line>
      <![CDATA[Inserted, "AA_Curric_Read" into the username text field.]]>
    </line>
    <line>
      <![CDATA[Inserted, "Temp0" into the password text field.]]>
    </line>
    <line>
      <![CDATA[Clicked the Login button.]]>
    </line>
    <line>
      <![CDATA[Explicitly waiting for 500 milliseconds]]>
    </line>
    <line>
      <![CDATA[Explicitly waiting for 200 milliseconds]]>
    </line>
    <line>
      <![CDATA[Explicitly waiting for 200 milliseconds]]>
    </line>
    <line>
      <![CDATA[Assert Check: Verifying if managementGroupItem "Programme Master" is Visible under "academicMenu->Settings->Goals and Programmes"]]>
    </line>
    <line>
      <![CDATA[Explicitly waiting for 200 milliseconds]]>
    </line>
    <line>
      <![CDATA[Assert Check PASSED: managementGroupItem "Programme Master" is Visible]]>
    </line>
    <line>
      <![CDATA[clicking managementItem Programme Masterunder academicMenu->Settings->Goals and Programmes]]>
    </line>
    <line>
      <![CDATA[Explicitly waiting for 200 milliseconds]]>
    </line>
    <line>
      <![CDATA[Explicitly waiting for 200 milliseconds]]>
    </line>
    <line>
      <![CDATA[Assert Check: Verifying if Search page is displayed]]>
    </line>
    <line>
      <![CDATA[Assert Check PASSED: Search page is displayed]]>
    </line>
    <line>
      <![CDATA[Clicking Simple search]]>
    </line>
    <line>
      <![CDATA[clicked search button on the academic period search page]]>
    </line>
    <line>
      <![CDATA[Getting the number of records from the search results]]>
    </line>
    <line>
      <![CDATA[Assert Check: Verifying if search returns some data]]>
    </line>
    <line>
      <![CDATA[Assert Check PASSED: Search results returned non zero rows. The row count is:1]]>
    </line>
    <line>
      <![CDATA[Clicking on the first record]]>
    </line>
    <line>
      <![CDATA[Explicitly waiting for 200 milliseconds]]>
    </line>
    <line>
      <![CDATA[UAT Test Programme Master 2]]>
    </line>
    <line>
      <![CDATA[waiting for details page to appear]]>
    </line>
    <line>
      <![CDATA[Explicitly waiting for 200 milliseconds]]>
    </line>
    <line>
      <![CDATA[Explicitly waiting for 200 milliseconds]]>
    </line>
    <line>
      <![CDATA[Assert Check: Verifying if the View button is visible in the details page]]>
    </line>
    <line>
      <![CDATA[Assert Check PASSED: The View button is visible in the details page]]>
    </line>
    <line>
      <![CDATA[Clicking the View button in the details page]]>
    </line>
    <line>
      <![CDATA[Assert Check: Verifying if the Edit dialog popup is visible]]>
    </line>
    <line>
      <![CDATA[Assert Check PASSED: Edit Dialog popup is visible in the Search Page]]>
    </line>
    <line>
      <![CDATA[Assert Check: Verifying if mandatory field "Name" is disabled]]>
    </line>
    <line>
      <![CDATA[Assert Check PASSED: mandatory field "Name" is disabled]]>
    </line>
    <line>
      <![CDATA[Data in mandatory field "Name" is: UAT Test Programme Master 2]]>
    </line>
    <line>
      <![CDATA[Assert Check: Verifying if length of data in mandatory field "Name" is > 0]]>
    </line>
    <line>
      <![CDATA[Assert Check PASSED: mandatory field "Name" has some data]]>
    </line>
    <line>
      <![CDATA[Clicking the Done button in the edit dialog popUp]]>
    </line>
    <line>
      <![CDATA[Explicitly waiting for 200 milliseconds]]>
    </line>
    <line>
      <![CDATA[TEST PASSED academicMenu->Settings->Goals and Programmes->Programme Master]]>
    </line>
    <line>
      <![CDATA[Explicitly waiting for 1000 milliseconds]]>
    </line>
    <line>
      <![CDATA[Explicitly waiting for 1000 milliseconds]]>
    </line>
    <line>
      <![CDATA[Explicitly waiting for 1000 milliseconds]]>
    </line>
    <line>
      <![CDATA[Explicitly waiting for 1000 milliseconds]]>
    </line>
    <line>
      <![CDATA[Explicitly waiting for 1000 milliseconds]]>
    </line>
    <line>
      <![CDATA[confirmation popup displayed]]>
    </line>
    <line>
      <![CDATA[clicked OK on Logout popup]]>
    </line>
    <line>
      <![CDATA[User logged out of u4sm sucessfully]]>
    </line>
    <line>
      <![CDATA[TESTING academicMenu->Settings->Periods->Period]]>
    </line>
    <line>
      <![CDATA[Explicitly waiting for 200 milliseconds]]>
    </line>
    <line>
      <![CDATA[RUNNING: CurricReadSmokeTest_roles_CurriculumReadTestSuite1]]>
    </line>
    <line>
      <![CDATA[u4sm login page present and displayed state is: true]]>
    </line>
    <line>
      <![CDATA[Explicitly waiting for 200 milliseconds]]>
    </line>
    <line>
      <![CDATA[Selected dropdown value en-GB]]>
    </line>
    <line>
      <![CDATA[Inserted, "AA_Curric_Read" into the username text field.]]>
    </line>
    <line>
      <![CDATA[Inserted, "Temp0" into the password text field.]]>
    </line>
    <line>
      <![CDATA[Clicked the Login button.]]>
    </line>
    <line>
      <![CDATA[Explicitly waiting for 500 milliseconds]]>
    </line>
    <line>
      <![CDATA[Explicitly waiting for 200 milliseconds]]>
    </line>
    <line>
      <![CDATA[Explicitly waiting for 200 milliseconds]]>
    </line>
    <line>
      <![CDATA[Assert Check: Verifying if managementGroupItem "Period" is Visible under "academicMenu->Settings->Periods"]]>
    </line>
    <line>
      <![CDATA[Explicitly waiting for 200 milliseconds]]>
    </line>
    <line>
      <![CDATA[Assert Check PASSED: managementGroupItem "Period" is Visible]]>
    </line>
    <line>
      <![CDATA[clicking managementItem Periodunder academicMenu->Settings->Periods]]>
    </line>
    <line>
      <![CDATA[Explicitly waiting for 200 milliseconds]]>
    </line>
    <line>
      <![CDATA[Explicitly waiting for 200 milliseconds]]>
    </line>
    <line>
      <![CDATA[Assert Check: Verifying if Search page is displayed]]>
    </line>
    <line>
      <![CDATA[Assert Check PASSED: Search page is displayed]]>
    </line>
    <line>
      <![CDATA[Clicking Simple search]]>
    </line>
    <line>
      <![CDATA[clicked search button on the academic period search page]]>
    </line>
    <line>
      <![CDATA[Getting the number of records from the search results]]>
    </line>
    <line>
      <![CDATA[Assert Check: Verifying if search returns some data]]>
    </line>
    <line>
      <![CDATA[Assert Check PASSED: Search results returned non zero rows. The row count is:51]]>
    </line>
    <line>
      <![CDATA[Clicking on the first record]]>
    </line>
    <line>
      <![CDATA[Explicitly waiting for 200 milliseconds]]>
    </line>
    <line>
      <![CDATA[2014 September]]>
    </line>
    <line>
      <![CDATA[waiting for details page to appear]]>
    </line>
    <line>
      <![CDATA[Explicitly waiting for 200 milliseconds]]>
    </line>
    <line>
      <![CDATA[Explicitly waiting for 200 milliseconds]]>
    </line>
    <line>
      <![CDATA[Assert Check: Verifying if the View button is visible in the details page]]>
    </line>
    <line>
      <![CDATA[Assert Check PASSED: The View button is visible in the details page]]>
    </line>
    <line>
      <![CDATA[Clicking the View button in the details page]]>
    </line>
    <line>
      <![CDATA[Assert Check: Verifying if the Edit dialog popup is visible]]>
    </line>
    <line>
      <![CDATA[Assert Check PASSED: Edit Dialog popup is visible in the Search Page]]>
    </line>
    <line>
      <![CDATA[Assert Check: Verifying if mandatory field "Description" is disabled]]>
    </line>
    <line>
      <![CDATA[Assert Check PASSED: mandatory field "Description" is disabled]]>
    </line>
    <line>
      <![CDATA[Data in mandatory field "Description" is: AUTOMATION_14/03/2018 16:56:36_1TIIG7]]>
    </line>
    <line>
      <![CDATA[Assert Check: Verifying if length of data in mandatory field "Description" is > 0]]>
    </line>
    <line>
      <![CDATA[Assert Check PASSED: mandatory field "Description" has some data]]>
    </line>
    <line>
      <![CDATA[Clicking the Done button in the edit dialog popUp]]>
    </line>
    <line>
      <![CDATA[Explicitly waiting for 200 milliseconds]]>
    </line>
    <line>
      <![CDATA[TEST PASSED academicMenu->Settings->Periods->Period]]>
    </line>
    <line>
      <![CDATA[Explicitly waiting for 1000 milliseconds]]>
    </line>
    <line>
      <![CDATA[Explicitly waiting for 1000 milliseconds]]>
    </line>
    <line>
      <![CDATA[Explicitly waiting for 1000 milliseconds]]>
    </line>
    <line>
      <![CDATA[Explicitly waiting for 1000 milliseconds]]>
    </line>
    <line>
      <![CDATA[Explicitly waiting for 1000 milliseconds]]>
    </line>
    <line>
      <![CDATA[confirmation popup displayed]]>
    </line>
    <line>
      <![CDATA[clicked OK on Logout popup]]>
    </line>
    <line>
      <![CDATA[User logged out of u4sm sucessfully]]>
    </line>
    <line>
      <![CDATA[TESTING academicMenu->Settings->Periods->Academic Period]]>
    </line>
    <line>
      <![CDATA[Explicitly waiting for 200 milliseconds]]>
    </line>
    <line>
      <![CDATA[RUNNING: CurricReadSmokeTest_roles_CurriculumReadTestSuite1]]>
    </line>
    <line>
      <![CDATA[u4sm login page present and displayed state is: true]]>
    </line>
    <line>
      <![CDATA[Explicitly waiting for 200 milliseconds]]>
    </line>
    <line>
      <![CDATA[Selected dropdown value en-GB]]>
    </line>
    <line>
      <![CDATA[Inserted, "AA_Curric_Read" into the username text field.]]>
    </line>
    <line>
      <![CDATA[Inserted, "Temp0" into the password text field.]]>
    </line>
    <line>
      <![CDATA[Clicked the Login button.]]>
    </line>
    <line>
      <![CDATA[Explicitly waiting for 500 milliseconds]]>
    </line>
    <line>
      <![CDATA[Explicitly waiting for 200 milliseconds]]>
    </line>
    <line>
      <![CDATA[Explicitly waiting for 200 milliseconds]]>
    </line>
    <line>
      <![CDATA[Assert Check: Verifying if managementGroupItem "Academic Period" is Visible under "academicMenu->Settings->Periods"]]>
    </line>
    <line>
      <![CDATA[Explicitly waiting for 200 milliseconds]]>
    </line>
    <line>
      <![CDATA[Assert Check PASSED: managementGroupItem "Academic Period" is Visible]]>
    </line>
    <line>
      <![CDATA[clicking managementItem Academic Periodunder academicMenu->Settings->Periods]]>
    </line>
    <line>
      <![CDATA[Explicitly waiting for 200 milliseconds]]>
    </line>
    <line>
      <![CDATA[Explicitly waiting for 200 milliseconds]]>
    </line>
    <line>
      <![CDATA[Assert Check: Verifying if Search page is displayed]]>
    </line>
    <line>
      <![CDATA[Assert Check PASSED: Search page is displayed]]>
    </line>
    <line>
      <![CDATA[Clicking Simple search]]>
    </line>
    <line>
      <![CDATA[clicked search button on the academic period search page]]>
    </line>
    <line>
      <![CDATA[Getting the number of records from the search results]]>
    </line>
    <line>
      <![CDATA[Assert Check: Verifying if search returns some data]]>
    </line>
    <line>
      <![CDATA[Assert Check PASSED: Search results returned non zero rows. The row count is:51]]>
    </line>
    <line>
      <![CDATA[Clicking on the first record]]>
    </line>
    <line>
      <![CDATA[Explicitly waiting for 200 milliseconds]]>
    </line>
    <line>
      <![CDATA[2014 September]]>
    </line>
    <line>
      <![CDATA[waiting for details page to appear]]>
    </line>
    <line>
      <![CDATA[Explicitly waiting for 200 milliseconds]]>
    </line>
    <line>
      <![CDATA[Explicitly waiting for 200 milliseconds]]>
    </line>
    <line>
      <![CDATA[Assert Check: Verifying if the View button is visible in the details page]]>
    </line>
    <line>
      <![CDATA[Assert Check PASSED: The View button is visible in the details page]]>
    </line>
    <line>
      <![CDATA[Clicking the View button in the details page]]>
    </line>
    <line>
      <![CDATA[Assert Check: Verifying if the Edit dialog popup is visible]]>
    </line>
    <line>
      <![CDATA[Assert Check PASSED: Edit Dialog popup is visible in the Search Page]]>
    </line>
    <line>
      <![CDATA[Assert Check: Verifying if mandatory field "Name" is disabled]]>
    </line>
    <line>
      <![CDATA[Assert Check PASSED: mandatory field "Name" is disabled]]>
    </line>
    <line>
      <![CDATA[Data in mandatory field "Name" is: 2014 September]]>
    </line>
    <line>
      <![CDATA[Assert Check: Verifying if length of data in mandatory field "Name" is > 0]]>
    </line>
    <line>
      <![CDATA[Assert Check PASSED: mandatory field "Name" has some data]]>
    </line>
    <line>
      <![CDATA[Clicking the Done button in the edit dialog popUp]]>
    </line>
    <line>
      <![CDATA[Explicitly waiting for 200 milliseconds]]>
    </line>
    <line>
      <![CDATA[TEST PASSED academicMenu->Settings->Periods->Academic Period]]>
    </line>
    <line>
      <![CDATA[Explicitly waiting for 1000 milliseconds]]>
    </line>
    <line>
      <![CDATA[Explicitly waiting for 1000 milliseconds]]>
    </line>
    <line>
      <![CDATA[Explicitly waiting for 1000 milliseconds]]>
    </line>
    <line>
      <![CDATA[Explicitly waiting for 1000 milliseconds]]>
    </line>
    <line>
      <![CDATA[Explicitly waiting for 1000 milliseconds]]>
    </line>
    <line>
      <![CDATA[confirmation popup displayed]]>
    </line>
    <line>
      <![CDATA[clicked OK on Logout popup]]>
    </line>
    <line>
      <![CDATA[User logged out of u4sm sucessfully]]>
    </line>
    <line>
      <![CDATA[TESTING mosaicManagerMenu->Settings->Facility->Facility Period]]>
    </line>
    <line>
      <![CDATA[Explicitly waiting for 200 milliseconds]]>
    </line>
    <line>
      <![CDATA[RUNNING: CurricReadSmokeTest_roles_CurriculumReadTestSuite1]]>
    </line>
    <line>
      <![CDATA[u4sm login page present and displayed state is: true]]>
    </line>
    <line>
      <![CDATA[Explicitly waiting for 200 milliseconds]]>
    </line>
    <line>
      <![CDATA[Selected dropdown value en-GB]]>
    </line>
    <line>
      <![CDATA[Inserted, "AA_Curric_Read" into the username text field.]]>
    </line>
    <line>
      <![CDATA[Inserted, "Temp0" into the password text field.]]>
    </line>
    <line>
      <![CDATA[Clicked the Login button.]]>
    </line>
    <line>
      <![CDATA[Explicitly waiting for 500 milliseconds]]>
    </line>
    <line>
      <![CDATA[Explicitly waiting for 200 milliseconds]]>
    </line>
    <line>
      <![CDATA[Explicitly waiting for 200 milliseconds]]>
    </line>
    <line>
      <![CDATA[Assert Check: Verifying if managementGroupItem "Facility Period" is Visible under "mosaicManagerMenu->Settings->Facility"]]>
    </line>
    <line>
      <![CDATA[Explicitly waiting for 200 milliseconds]]>
    </line>
    <line>
      <![CDATA[Assert Check PASSED: managementGroupItem "Facility Period" is Visible]]>
    </line>
    <line>
      <![CDATA[clicking managementItem Facility Periodunder mosaicManagerMenu->Settings->Facility]]>
    </line>
    <line>
      <![CDATA[Explicitly waiting for 200 milliseconds]]>
    </line>
    <line>
      <![CDATA[Explicitly waiting for 200 milliseconds]]>
    </line>
    <line>
      <![CDATA[Assert Check: Verifying if Search page is displayed]]>
    </line>
    <line>
      <![CDATA[Assert Check PASSED: Search page is displayed]]>
    </line>
    <line>
      <![CDATA[Clicking Simple search]]>
    </line>
    <line>
      <![CDATA[clicked search button on the academic period search page]]>
    </line>
    <line>
      <![CDATA[Getting the number of records from the search results]]>
    </line>
    <line>
      <![CDATA[Assert Check: Verifying if search returns some data]]>
    </line>
    <line>
      <![CDATA[Assert Check PASSED: Search results returned non zero rows. The row count is:51]]>
    </line>
    <line>
      <![CDATA[Clicking on the first record]]>
    </line>
    <line>
      <![CDATA[Explicitly waiting for 200 milliseconds]]>
    </line>
    <line>
      <![CDATA[2005 August]]>
    </line>
    <line>
      <![CDATA[waiting for details page to appear]]>
    </line>
    <line>
      <![CDATA[Explicitly waiting for 200 milliseconds]]>
    </line>
    <line>
      <![CDATA[Explicitly waiting for 200 milliseconds]]>
    </line>
    <line>
      <![CDATA[Assert Check: Verifying if the View button is visible in the details page]]>
    </line>
    <line>
      <![CDATA[Assert Check PASSED: The View button is visible in the details page]]>
    </line>
    <line>
      <![CDATA[Clicking the View button in the details page]]>
    </line>
    <line>
      <![CDATA[Assert Check: Verifying if the Edit dialog popup is visible]]>
    </line>
    <line>
      <![CDATA[Assert Check PASSED: Edit Dialog popup is visible in the Search Page]]>
    </line>
    <line>
      <![CDATA[Assert Check: Verifying if mandatory field "Name" is disabled]]>
    </line>
    <line>
      <![CDATA[Assert Check PASSED: mandatory field "Name" is disabled]]>
    </line>
    <line>
      <![CDATA[Data in mandatory field "Name" is: 2005 August]]>
    </line>
    <line>
      <![CDATA[Assert Check: Verifying if length of data in mandatory field "Name" is > 0]]>
    </line>
    <line>
      <![CDATA[Assert Check PASSED: mandatory field "Name" has some data]]>
    </line>
    <line>
      <![CDATA[Clicking the Done button in the edit dialog popUp]]>
    </line>
    <line>
      <![CDATA[Explicitly waiting for 200 milliseconds]]>
    </line>
    <line>
      <![CDATA[TEST PASSED mosaicManagerMenu->Settings->Facility->Facility Period]]>
    </line>
    <line>
      <![CDATA[Explicitly waiting for 1000 milliseconds]]>
    </line>
    <line>
      <![CDATA[Explicitly waiting for 1000 milliseconds]]>
    </line>
    <line>
      <![CDATA[Explicitly waiting for 1000 milliseconds]]>
    </line>
    <line>
      <![CDATA[Explicitly waiting for 1000 milliseconds]]>
    </line>
    <line>
      <![CDATA[Explicitly waiting for 1000 milliseconds]]>
    </line>
    <line>
      <![CDATA[confirmation popup displayed]]>
    </line>
    <line>
      <![CDATA[clicked OK on Logout popup]]>
    </line>
    <line>
      <![CDATA[User logged out of u4sm sucessfully]]>
    </line>
    <line>
      <![CDATA[TESTING billingMenu->Settings->Periods->Period]]>
    </line>
    <line>
      <![CDATA[Explicitly waiting for 200 milliseconds]]>
    </line>
    <line>
      <![CDATA[RUNNING: CurricReadSmokeTest_roles_CurriculumReadTestSuite1]]>
    </line>
    <line>
      <![CDATA[u4sm login page present and displayed state is: true]]>
    </line>
    <line>
      <![CDATA[Explicitly waiting for 200 milliseconds]]>
    </line>
    <line>
      <![CDATA[Selected dropdown value en-GB]]>
    </line>
    <line>
      <![CDATA[Inserted, "AA_Curric_Read" into the username text field.]]>
    </line>
    <line>
      <![CDATA[Inserted, "Temp0" into the password text field.]]>
    </line>
    <line>
      <![CDATA[Clicked the Login button.]]>
    </line>
    <line>
      <![CDATA[Explicitly waiting for 500 milliseconds]]>
    </line>
    <line>
      <![CDATA[Explicitly waiting for 200 milliseconds]]>
    </line>
    <line>
      <![CDATA[Explicitly waiting for 200 milliseconds]]>
    </line>
    <line>
      <![CDATA[Assert Check: Verifying if managementGroupItem "Period" is Visible under "billingMenu->Settings->Periods"]]>
    </line>
    <line>
      <![CDATA[Explicitly waiting for 200 milliseconds]]>
    </line>
    <line>
      <![CDATA[Assert Check PASSED: managementGroupItem "Period" is Visible]]>
    </line>
    <line>
      <![CDATA[clicking managementItem Periodunder billingMenu->Settings->Periods]]>
    </line>
    <line>
      <![CDATA[Explicitly waiting for 200 milliseconds]]>
    </line>
    <line>
      <![CDATA[Explicitly waiting for 200 milliseconds]]>
    </line>
    <line>
      <![CDATA[Assert Check: Verifying if Search page is displayed]]>
    </line>
    <line>
      <![CDATA[Assert Check PASSED: Search page is displayed]]>
    </line>
    <line>
      <![CDATA[Clicking Simple search]]>
    </line>
    <line>
      <![CDATA[clicked search button on the academic period search page]]>
    </line>
    <line>
      <![CDATA[Getting the number of records from the search results]]>
    </line>
    <line>
      <![CDATA[Assert Check: Verifying if search returns some data]]>
    </line>
    <line>
      <![CDATA[Assert Check PASSED: Search results returned non zero rows. The row count is:51]]>
    </line>
    <line>
      <![CDATA[Clicking on the first record]]>
    </line>
    <line>
      <![CDATA[Explicitly waiting for 200 milliseconds]]>
    </line>
    <line>
      <![CDATA[2014 September]]>
    </line>
    <line>
      <![CDATA[waiting for details page to appear]]>
    </line>
    <line>
      <![CDATA[Explicitly waiting for 200 milliseconds]]>
    </line>
    <line>
      <![CDATA[Explicitly waiting for 200 milliseconds]]>
    </line>
    <line>
      <![CDATA[Assert Check: Verifying if the View button is visible in the details page]]>
    </line>
    <line>
      <![CDATA[Assert Check PASSED: The View button is visible in the details page]]>
    </line>
    <line>
      <![CDATA[Clicking the View button in the details page]]>
    </line>
    <line>
      <![CDATA[Assert Check: Verifying if the Edit dialog popup is visible]]>
    </line>
    <line>
      <![CDATA[Assert Check PASSED: Edit Dialog popup is visible in the Search Page]]>
    </line>
    <line>
      <![CDATA[Assert Check: Verifying if mandatory field "Name" is disabled]]>
    </line>
    <line>
      <![CDATA[Assert Check PASSED: mandatory field "Name" is disabled]]>
    </line>
    <line>
      <![CDATA[Data in mandatory field "Name" is: 2014 September]]>
    </line>
    <line>
      <![CDATA[Assert Check: Verifying if length of data in mandatory field "Name" is > 0]]>
    </line>
    <line>
      <![CDATA[Assert Check PASSED: mandatory field "Name" has some data]]>
    </line>
    <line>
      <![CDATA[Clicking the Done button in the edit dialog popUp]]>
    </line>
    <line>
      <![CDATA[Explicitly waiting for 200 milliseconds]]>
    </line>
    <line>
      <![CDATA[TEST PASSED billingMenu->Settings->Periods->Period]]>
    </line>
    <line>
      <![CDATA[Explicitly waiting for 1000 milliseconds]]>
    </line>
    <line>
      <![CDATA[Explicitly waiting for 1000 milliseconds]]>
    </line>
    <line>
      <![CDATA[Explicitly waiting for 1000 milliseconds]]>
    </line>
    <line>
      <![CDATA[Explicitly waiting for 1000 milliseconds]]>
    </line>
    <line>
      <![CDATA[Explicitly waiting for 1000 milliseconds]]>
    </line>
    <line>
      <![CDATA[confirmation popup displayed]]>
    </line>
    <line>
      <![CDATA[clicked OK on Logout popup]]>
    </line>
    <line>
      <![CDATA[User logged out of u4sm sucessfully]]>
    </line>
    <line>
      <![CDATA[TESTING financialAidMenu->Settings->General->Period]]>
    </line>
    <line>
      <![CDATA[Explicitly waiting for 200 milliseconds]]>
    </line>
    <line>
      <![CDATA[RUNNING: CurricReadSmokeTest_roles_CurriculumReadTestSuite1]]>
    </line>
    <line>
      <![CDATA[u4sm login page present and displayed state is: true]]>
    </line>
    <line>
      <![CDATA[Explicitly waiting for 200 milliseconds]]>
    </line>
    <line>
      <![CDATA[Selected dropdown value en-GB]]>
    </line>
    <line>
      <![CDATA[Inserted, "AA_Curric_Read" into the username text field.]]>
    </line>
    <line>
      <![CDATA[Inserted, "Temp0" into the password text field.]]>
    </line>
    <line>
      <![CDATA[Clicked the Login button.]]>
    </line>
    <line>
      <![CDATA[Explicitly waiting for 500 milliseconds]]>
    </line>
    <line>
      <![CDATA[Explicitly waiting for 200 milliseconds]]>
    </line>
    <line>
      <![CDATA[Explicitly waiting for 200 milliseconds]]>
    </line>
    <line>
      <![CDATA[Assert Check: Verifying if managementGroupItem "Period" is Visible under "financialAidMenu->Settings->General"]]>
    </line>
    <line>
      <![CDATA[Explicitly waiting for 200 milliseconds]]>
    </line>
    <line>
      <![CDATA[Assert Check PASSED: managementGroupItem "Period" is Visible]]>
    </line>
    <line>
      <![CDATA[clicking managementItem Periodunder financialAidMenu->Settings->General]]>
    </line>
    <line>
      <![CDATA[Explicitly waiting for 200 milliseconds]]>
    </line>
    <line>
      <![CDATA[Explicitly waiting for 200 milliseconds]]>
    </line>
    <line>
      <![CDATA[Assert Check: Verifying if Search page is displayed]]>
    </line>
    <line>
      <![CDATA[Assert Check PASSED: Search page is displayed]]>
    </line>
    <line>
      <![CDATA[Clicking Simple search]]>
    </line>
    <line>
      <![CDATA[clicked search button on the academic period search page]]>
    </line>
    <line>
      <![CDATA[Getting the number of records from the search results]]>
    </line>
    <line>
      <![CDATA[Assert Check: Verifying if search returns some data]]>
    </line>
    <line>
      <![CDATA[Assert Check PASSED: Search results returned non zero rows. The row count is:51]]>
    </line>
    <line>
      <![CDATA[Clicking on the first record]]>
    </line>
    <line>
      <![CDATA[Explicitly waiting for 200 milliseconds]]>
    </line>
    <line>
      <![CDATA[2014 September]]>
    </line>
    <line>
      <![CDATA[waiting for details page to appear]]>
    </line>
    <line>
      <![CDATA[Explicitly waiting for 200 milliseconds]]>
    </line>
    <line>
      <![CDATA[Explicitly waiting for 200 milliseconds]]>
    </line>
    <line>
      <![CDATA[Assert Check: Verifying if the View button is visible in the details page]]>
    </line>
    <line>
      <![CDATA[Assert Check PASSED: The View button is visible in the details page]]>
    </line>
    <line>
      <![CDATA[Clicking the View button in the details page]]>
    </line>
    <line>
      <![CDATA[Assert Check: Verifying if the Edit dialog popup is visible]]>
    </line>
    <line>
      <![CDATA[Assert Check PASSED: Edit Dialog popup is visible in the Search Page]]>
    </line>
    <line>
      <![CDATA[Assert Check: Verifying if mandatory field "BusinessMeaningName" is disabled]]>
    </line>
    <line>
      <![CDATA[Assert Check PASSED: mandatory field "BusinessMeaningName" is disabled]]>
    </line>
    <line>
      <![CDATA[Data in mandatory field "BusinessMeaningName" is: Period.2014September]]>
    </line>
    <line>
      <![CDATA[Assert Check: Verifying if length of data in mandatory field "BusinessMeaningName" is > 0]]>
    </line>
    <line>
      <![CDATA[Assert Check PASSED: mandatory field "BusinessMeaningName" has some data]]>
    </line>
    <line>
      <![CDATA[Clicking the Done button in the edit dialog popUp]]>
    </line>
    <line>
      <![CDATA[Explicitly waiting for 200 milliseconds]]>
    </line>
    <line>
      <![CDATA[TEST PASSED financialAidMenu->Settings->General->Period]]>
    </line>
    <line>
      <![CDATA[Explicitly waiting for 1000 milliseconds]]>
    </line>
    <line>
      <![CDATA[Explicitly waiting for 1000 milliseconds]]>
    </line>
    <line>
      <![CDATA[Explicitly waiting for 1000 milliseconds]]>
    </line>
    <line>
      <![CDATA[Explicitly waiting for 1000 milliseconds]]>
    </line>
    <line>
      <![CDATA[Explicitly waiting for 1000 milliseconds]]>
    </line>
    <line>
      <![CDATA[confirmation popup displayed]]>
    </line>
    <line>
      <![CDATA[clicked OK on Logout popup]]>
    </line>
    <line>
      <![CDATA[User logged out of u4sm sucessfully]]>
    </line>
    <line>
      <![CDATA[TESTING mosaicManagerMenu->Settings->All->Period]]>
    </line>
    <line>
      <![CDATA[Explicitly waiting for 200 milliseconds]]>
    </line>
    <line>
      <![CDATA[RUNNING: CurricReadSmokeTest_roles_CurriculumReadTestSuite1]]>
    </line>
    <line>
      <![CDATA[u4sm login page present and displayed state is: true]]>
    </line>
    <line>
      <![CDATA[Explicitly waiting for 200 milliseconds]]>
    </line>
    <line>
      <![CDATA[Selected dropdown value en-GB]]>
    </line>
    <line>
      <![CDATA[Inserted, "AA_Curric_Read" into the username text field.]]>
    </line>
    <line>
      <![CDATA[Inserted, "Temp0" into the password text field.]]>
    </line>
    <line>
      <![CDATA[Clicked the Login button.]]>
    </line>
    <line>
      <![CDATA[Explicitly waiting for 500 milliseconds]]>
    </line>
    <line>
      <![CDATA[Explicitly waiting for 200 milliseconds]]>
    </line>
    <line>
      <![CDATA[Explicitly waiting for 200 milliseconds]]>
    </line>
    <line>
      <![CDATA[Assert Check: Verifying if managementGroupItem "Period" is Visible under "mosaicManagerMenu->Settings->All"]]>
    </line>
    <line>
      <![CDATA[Explicitly waiting for 200 milliseconds]]>
    </line>
    <line>
      <![CDATA[Assert Check PASSED: managementGroupItem "Period" is Visible]]>
    </line>
    <line>
      <![CDATA[clicking managementItem Periodunder mosaicManagerMenu->Settings->All]]>
    </line>
    <line>
      <![CDATA[Explicitly waiting for 200 milliseconds]]>
    </line>
    <line>
      <![CDATA[Explicitly waiting for 200 milliseconds]]>
    </line>
    <line>
      <![CDATA[Assert Check: Verifying if Search page is displayed]]>
    </line>
    <line>
      <![CDATA[Assert Check PASSED: Search page is displayed]]>
    </line>
    <line>
      <![CDATA[Clicking Simple search]]>
    </line>
    <line>
      <![CDATA[clicked search button on the academic period search page]]>
    </line>
    <line>
      <![CDATA[Getting the number of records from the search results]]>
    </line>
    <line>
      <![CDATA[Assert Check: Verifying if search returns some data]]>
    </line>
    <line>
      <![CDATA[Assert Check PASSED: Search results returned non zero rows. The row count is:51]]>
    </line>
    <line>
      <![CDATA[Clicking on the first record]]>
    </line>
    <line>
      <![CDATA[Explicitly waiting for 200 milliseconds]]>
    </line>
    <line>
      <![CDATA[2014 September]]>
    </line>
    <line>
      <![CDATA[waiting for details page to appear]]>
    </line>
    <line>
      <![CDATA[Explicitly waiting for 200 milliseconds]]>
    </line>
    <line>
      <![CDATA[Explicitly waiting for 200 milliseconds]]>
    </line>
    <line>
[...]
            </line>
            <line>
              <![CDATA[Assert Check PASSED: The View button is visible in the details page]]>
            </line>
            <line>
              <![CDATA[Clicking the View button in the details page]]>
            </line>
            <line>
              <![CDATA[Assert Check: Verifying if the Edit dialog popup is visible]]>
            </line>
            <line>
              <![CDATA[Assert Check PASSED: Edit Dialog popup is visible in the Search Page]]>
            </line>
            <line>
              <![CDATA[Assert Check: Verifying if mandatory field "Name" is disabled]]>
            </line>
            <line>
              <![CDATA[Assert Check PASSED: mandatory field "Name" is disabled]]>
            </line>
            <line>
              <![CDATA[Data in mandatory field "Name" is: 2014 September]]>
            </line>
            <line>
              <![CDATA[Assert Check: Verifying if length of data in mandatory field "Name" is > 0]]>
            </line>
            <line>
              <![CDATA[Assert Check PASSED: mandatory field "Name" has some data]]>
            </line>
            <line>
              <![CDATA[Clicking the Done button in the edit dialog popUp]]>
            </line>
            <line>
              <![CDATA[Explicitly waiting for 200 milliseconds]]>
            </line>
            <line>
              <![CDATA[TEST PASSED billingMenu->Settings->Periods->Period]]>
            </line>
            <line>
              <![CDATA[Explicitly waiting for 1000 milliseconds]]>
            </line>
            <line>
              <![CDATA[Explicitly waiting for 1000 milliseconds]]>
            </line>
            <line>
              <![CDATA[Explicitly waiting for 1000 milliseconds]]>
            </line>
            <line>
              <![CDATA[Explicitly waiting for 1000 milliseconds]]>
            </line>
            <line>
              <![CDATA[Explicitly waiting for 1000 milliseconds]]>
            </line>
            <line>
              <![CDATA[confirmation popup displayed]]>
            </line>
            <line>
              <![CDATA[clicked OK on Logout popup]]>
            </line>
            <line>
              <![CDATA[User logged out of u4sm sucessfully]]>
            </line>
          </reporter-output>
        </test-method> <!-- CurricReadSmokeTest_roles_CurriculumReadTestSuite -->
        <test-method status="PASS" signature="CurricReadSmokeTest_roles_CurriculumReadTestSuite(java.lang.String, java.lang.String, java.lang.String, java.lang.String, java.lang.String, java.lang.String, java.lang.String, java.lang.String, java.lang.String, java.lang.String, java.lang.String, java.lang.String, java.lang.String)[pri:0, instance:org.mmu.g4sm.qa.at.tests.roles.CurriculumReadTestSuite@25bbe1b6]" name="CurricReadSmokeTest_roles_CurriculumReadTestSuite" duration-ms="13668" started-at="2018-03-27T09:22:12Z" data-provider="smoketest" finished-at="2018-03-27T09:22:26Z">
          <params>
            <param index="0">
              <value>
                <![CDATA[AA_Curric_Read]]>
              </value>
            </param>
            <param index="1">
              <value>
                <![CDATA[Temp0]]>
              </value>
            </param>
            <param index="2">
              <value>
                <![CDATA[View Curriculum]]>
              </value>
            </param>
            <param index="3">
              <value>
                <![CDATA[RolesAndPermissions.xlsx]]>
              </value>
            </param>
            <param index="4">
              <value>
                <![CDATA[CurricRead]]>
              </value>
            </param>
            <param index="5">
              <value>
                <![CDATA[financialAidMenu]]>
              </value>
            </param>
            <param index="6">
              <value>
                <![CDATA[Settings]]>
              </value>
            </param>
            <param index="7">
              <value>
                <![CDATA[General]]>
              </value>
            </param>
            <param index="8">
              <value>
                <![CDATA[Period]]>
              </value>
            </param>
            <param index="9">
              <value>
                <![CDATA[Y]]>
              </value>
            </param>
            <param index="10">
              <value>
                <![CDATA[Y]]>
              </value>
            </param>
            <param index="11">
              <value>
                <![CDATA[Y]]>
              </value>
            </param>
            <param index="12">
              <value>
                <![CDATA[BusinessMeaningName]]>
              </value>
            </param>
          </params>
          <reporter-output>
            <line>
              <![CDATA[TESTING financialAidMenu->Settings->General->Period]]>
            </line>
            <line>
              <![CDATA[Explicitly waiting for 200 milliseconds]]>
            </line>
            <line>
              <![CDATA[RUNNING: CurricReadSmokeTest_roles_CurriculumReadTestSuite1]]>
            </line>
            <line>
              <![CDATA[u4sm login page present and displayed state is: true]]>
            </line>
            <line>
              <![CDATA[Explicitly waiting for 200 milliseconds]]>
            </line>
            <line>
              <![CDATA[Selected dropdown value en-GB]]>
            </line>
            <line>
              <![CDATA[Inserted, "AA_Curric_Read" into the username text field.]]>
            </line>
            <line>
              <![CDATA[Inserted, "Temp0" into the password text field.]]>
            </line>
            <line>
              <![CDATA[Clicked the Login button.]]>
            </line>
            <line>
              <![CDATA[Explicitly waiting for 500 milliseconds]]>
            </line>
            <line>
              <![CDATA[Explicitly waiting for 200 milliseconds]]>
            </line>
            <line>
              <![CDATA[Explicitly waiting for 200 milliseconds]]>
            </line>
            <line>
              <![CDATA[Assert Check: Verifying if managementGroupItem "Period" is Visible under "financialAidMenu->Settings->General"]]>
            </line>
            <line>
              <![CDATA[Explicitly waiting for 200 milliseconds]]>
            </line>
            <line>
              <![CDATA[Assert Check PASSED: managementGroupItem "Period" is Visible]]>
            </line>
            <line>
              <![CDATA[clicking managementItem Periodunder financialAidMenu->Settings->General]]>
            </line>
            <line>
              <![CDATA[Explicitly waiting for 200 milliseconds]]>
            </line>
            <line>
              <![CDATA[Explicitly waiting for 200 milliseconds]]>
            </line>
            <line>
              <![CDATA[Assert Check: Verifying if Search page is displayed]]>
            </line>
            <line>
              <![CDATA[Assert Check PASSED: Search page is displayed]]>
            </line>
            <line>
              <![CDATA[Clicking Simple search]]>
            </line>
            <line>
              <![CDATA[clicked search button on the academic period search page]]>
            </line>
            <line>
              <![CDATA[Getting the number of records from the search results]]>
            </line>
            <line>
              <![CDATA[Assert Check: Verifying if search returns some data]]>
            </line>
            <line>
              <![CDATA[Assert Check PASSED: Search results returned non zero rows. The row count is:51]]>
            </line>
            <line>
              <![CDATA[Clicking on the first record]]>
            </line>
            <line>
              <![CDATA[Explicitly waiting for 200 milliseconds]]>
            </line>
            <line>
              <![CDATA[2014 September]]>
            </line>
            <line>
              <![CDATA[waiting for details page to appear]]>
            </line>
            <line>
              <![CDATA[Explicitly waiting for 200 milliseconds]]>
            </line>
            <line>
              <![CDATA[Explicitly waiting for 200 milliseconds]]>
            </line>
            <line>
              <![CDATA[Assert Check: Verifying if the View button is visible in the details page]]>
            </line>
            <line>
              <![CDATA[Assert Check PASSED: The View button is visible in the details page]]>
            </line>
            <line>
              <![CDATA[Clicking the View button in the details page]]>
            </line>
            <line>
              <![CDATA[Assert Check: Verifying if the Edit dialog popup is visible]]>
            </line>
            <line>
              <![CDATA[Assert Check PASSED: Edit Dialog popup is visible in the Search Page]]>
            </line>
            <line>
              <![CDATA[Assert Check: Verifying if mandatory field "BusinessMeaningName" is disabled]]>
            </line>
            <line>
              <![CDATA[Assert Check PASSED: mandatory field "BusinessMeaningName" is disabled]]>
            </line>
            <line>
              <![CDATA[Data in mandatory field "BusinessMeaningName" is: Period.2014September]]>
            </line>
            <line>
              <![CDATA[Assert Check: Verifying if length of data in mandatory field "BusinessMeaningName" is > 0]]>
            </line>
            <line>
              <![CDATA[Assert Check PASSED: mandatory field "BusinessMeaningName" has some data]]>
            </line>
            <line>
              <![CDATA[Clicking the Done button in the edit dialog popUp]]>
            </line>
            <line>
              <![CDATA[Explicitly waiting for 200 milliseconds]]>
            </line>
            <line>
              <![CDATA[TEST PASSED financialAidMenu->Settings->General->Period]]>
            </line>
            <line>
              <![CDATA[Explicitly waiting for 1000 milliseconds]]>
            </line>
            <line>
              <![CDATA[Explicitly waiting for 1000 milliseconds]]>
            </line>
            <line>
              <![CDATA[Explicitly waiting for 1000 milliseconds]]>
            </line>
            <line>
              <![CDATA[Explicitly waiting for 1000 milliseconds]]>
            </line>
            <line>
              <![CDATA[Explicitly waiting for 1000 milliseconds]]>
            </line>
            <line>
              <![CDATA[confirmation popup displayed]]>
            </line>
            <line>
              <![CDATA[clicked OK on Logout popup]]>
            </line>
            <line>
              <![CDATA[User logged out of u4sm sucessfully]]>
            </line>
          </reporter-output>
        </test-method> <!-- CurricReadSmokeTest_roles_CurriculumReadTestSuite -->
        <test-method status="PASS" signature="CurricReadSmokeTest_roles_CurriculumReadTestSuite(java.lang.String, java.lang.String, java.lang.String, java.lang.String, java.lang.String, java.lang.String, java.lang.String, java.lang.String, java.lang.String, java.lang.String, java.lang.String, java.lang.String, java.lang.String)[pri:0, instance:org.mmu.g4sm.qa.at.tests.roles.CurriculumReadTestSuite@25bbe1b6]" name="CurricReadSmokeTest_roles_CurriculumReadTestSuite" duration-ms="13510" started-at="2018-03-27T09:22:26Z" data-provider="smoketest" finished-at="2018-03-27T09:22:39Z">
          <params>
            <param index="0">
              <value>
                <![CDATA[AA_Curric_Read]]>
              </value>
            </param>
            <param index="1">
              <value>
                <![CDATA[Temp0]]>
              </value>
            </param>
            <param index="2">
              <value>
                <![CDATA[View Curriculum]]>
              </value>
            </param>
            <param index="3">
              <value>
                <![CDATA[RolesAndPermissions.xlsx]]>
              </value>
            </param>
            <param index="4">
              <value>
                <![CDATA[CurricRead]]>
              </value>
            </param>
            <param index="5">
              <value>
                <![CDATA[mosaicManagerMenu]]>
              </value>
            </param>
            <param index="6">
              <value>
                <![CDATA[Settings]]>
              </value>
            </param>
            <param index="7">
              <value>
                <![CDATA[All]]>
              </value>
            </param>
            <param index="8">
              <value>
                <![CDATA[Period]]>
              </value>
            </param>
            <param index="9">
              <value>
                <![CDATA[Y]]>
              </value>
            </param>
            <param index="10">
              <value>
                <![CDATA[Y]]>
              </value>
            </param>
            <param index="11">
              <value>
                <![CDATA[Y]]>
              </value>
            </param>
            <param index="12">
              <value>
                <![CDATA[BusinessMeaningName]]>
              </value>
            </param>
          </params>
          <reporter-output>
            <line>
              <![CDATA[TESTING mosaicManagerMenu->Settings->All->Period]]>
            </line>
            <line>
              <![CDATA[Explicitly waiting for 200 milliseconds]]>
            </line>
            <line>
              <![CDATA[RUNNING: CurricReadSmokeTest_roles_CurriculumReadTestSuite1]]>
            </line>
            <line>
              <![CDATA[u4sm login page present and displayed state is: true]]>
            </line>
            <line>
              <![CDATA[Explicitly waiting for 200 milliseconds]]>
            </line>
            <line>
              <![CDATA[Selected dropdown value en-GB]]>
            </line>
            <line>
              <![CDATA[Inserted, "AA_Curric_Read" into the username text field.]]>
            </line>
            <line>
              <![CDATA[Inserted, "Temp0" into the password text field.]]>
            </line>
            <line>
              <![CDATA[Clicked the Login button.]]>
            </line>
            <line>
              <![CDATA[Explicitly waiting for 500 milliseconds]]>
            </line>
            <line>
              <![CDATA[Explicitly waiting for 200 milliseconds]]>
            </line>
            <line>
              <![CDATA[Explicitly waiting for 200 milliseconds]]>
            </line>
            <line>
              <![CDATA[Assert Check: Verifying if managementGroupItem "Period" is Visible under "mosaicManagerMenu->Settings->All"]]>
            </line>
            <line>
              <![CDATA[Explicitly waiting for 200 milliseconds]]>
            </line>
            <line>
              <![CDATA[Assert Check PASSED: managementGroupItem "Period" is Visible]]>
            </line>
            <line>
              <![CDATA[clicking managementItem Periodunder mosaicManagerMenu->Settings->All]]>
            </line>
            <line>
              <![CDATA[Explicitly waiting for 200 milliseconds]]>
            </line>
            <line>
              <![CDATA[Explicitly waiting for 200 milliseconds]]>
            </line>
            <line>
              <![CDATA[Assert Check: Verifying if Search page is displayed]]>
            </line>
            <line>
              <![CDATA[Assert Check PASSED: Search page is displayed]]>
            </line>
            <line>
              <![CDATA[Clicking Simple search]]>
            </line>
            <line>
              <![CDATA[clicked search button on the academic period search page]]>
            </line>
            <line>
              <![CDATA[Getting the number of records from the search results]]>
            </line>
            <line>
              <![CDATA[Assert Check: Verifying if search returns some data]]>
            </line>
            <line>
              <![CDATA[Assert Check PASSED: Search results returned non zero rows. The row count is:51]]>
            </line>
            <line>
              <![CDATA[Clicking on the first record]]>
            </line>
            <line>
              <![CDATA[Explicitly waiting for 200 milliseconds]]>
            </line>
            <line>
              <![CDATA[2014 September]]>
            </line>
            <line>
              <![CDATA[waiting for details page to appear]]>
            </line>
            <line>
              <![CDATA[Explicitly waiting for 200 milliseconds]]>
            </line>
            <line>
              <![CDATA[Explicitly waiting for 200 milliseconds]]>
            </line>
            <line>
              <![CDATA[Assert Check: Verifying if the View button is visible in the details page]]>
            </line>
            <line>
              <![CDATA[Assert Check PASSED: The View button is visible in the details page]]>
            </line>
            <line>
              <![CDATA[Clicking the View button in the details page]]>
            </line>
            <line>
              <![CDATA[Assert Check: Verifying if the Edit dialog popup is visible]]>
            </line>
            <line>
              <![CDATA[Assert Check PASSED: Edit Dialog popup is visible in the Search Page]]>
            </line>
            <line>
              <![CDATA[Assert Check: Verifying if mandatory field "BusinessMeaningName" is disabled]]>
            </line>
            <line>
              <![CDATA[Assert Check PASSED: mandatory field "BusinessMeaningName" is disabled]]>
            </line>
            <line>
              <![CDATA[Data in mandatory field "BusinessMeaningName" is: Period.2014September]]>
            </line>
            <line>
              <![CDATA[Assert Check: Verifying if length of data in mandatory field "BusinessMeaningName" is > 0]]>
            </line>
            <line>
              <![CDATA[Assert Check PASSED: mandatory field "BusinessMeaningName" has some data]]>
            </line>
            <line>
              <![CDATA[Clicking the Done button in the edit dialog popUp]]>
            </line>
            <line>
              <![CDATA[Explicitly waiting for 200 milliseconds]]>
            </line>
            <line>
              <![CDATA[TEST PASSED mosaicManagerMenu->Settings->All->Period]]>
            </line>
            <line>
              <![CDATA[Explicitly waiting for 1000 milliseconds]]>
            </line>
            <line>
              <![CDATA[Explicitly waiting for 1000 milliseconds]]>
            </line>
            <line>
              <![CDATA[Explicitly waiting for 1000 milliseconds]]>
            </line>
            <line>
              <![CDATA[Explicitly waiting for 1000 milliseconds]]>
            </line>
            <line>
              <![CDATA[Explicitly waiting for 1000 milliseconds]]>
            </line>
            <line>
              <![CDATA[confirmation popup displayed]]>
            </line>
            <line>
              <![CDATA[clicked OK on Logout popup]]>
            </line>
            <line>
              <![CDATA[User logged out of u4sm sucessfully]]>
            </line>
          </reporter-output>
        </test-method> <!-- CurricReadSmokeTest_roles_CurriculumReadTestSuite -->
        <test-method status="PASS" signature="testTearDown()[pri:0, instance:org.mmu.g4sm.qa.at.tests.roles.CurriculumReadTestSuite@25bbe1b6]" name="testTearDown" is-config="true" duration-ms="1232" started-at="2018-03-27T09:22:39Z" finished-at="2018-03-27T09:22:40Z">
          <reporter-output>
          </reporter-output>
        </test-method> <!-- testTearDown -->
      </class> <!-- org.mmu.g4sm.qa.at.tests.roles.CurriculumReadTestSuite -->
    </test> <!-- Default test -->
  </suite> <!-- Default suite -->
</testng-results>
